Arguments: 
  /usr/local/bin/node /usr/local/bin/yarn remove image-to-ascii

PATH: 
  /usr/local/lib/node_modules/bin:/usr/local/share/npm/bin:/opt/homebrew/bin:/opt/homebrew/sbin:/usr/local/bin:/usr/bin:/bin:/usr/sbin:/sbin:/usr/local/lib/node_modules/bin:/usr/local/share/npm/bin:/opt/homebrew/bin:/opt/homebrew/sbin:/Users/xubuxing/.cargo/bin:/Users/xubuxing/.once-gui/installation/node_modules/.bin:/Applications/CodeExpander.app/Contents/Resources/app/nodes:/Applications/CodeExpander.app/Contents/Resources/app/node_modules/.bin:/Users/xubuxing/.npm-packages/bin:/Users/xubuxing/.once-gui/installation/node_modules/.bin:/Applications/CodeExpander.app/Contents/Resources/app/nodes:/Applications/CodeExpander.app/Contents/Resources/app/node_modules/.bin:/Users/xubuxing/.npm-packages/bin:/Users/xubuxing/.once-gui/installation/node_modules/.bin:/Applications/CodeExpander.app/Contents/Resources/app/nodes:/Applications/CodeExpander.app/Contents/Resources/app/node_modules/.bin

Yarn version: 
  1.22.10

Node version: 
  14.15.4

Platform: 
  darwin x64

Trace: 
  Error: EACCES: permission denied, mkdir '/Users/xubuxing/我的代码/douban/node_modules/typpy/example'

npm manifest: 
  {
    "name": "douban",
    "version": "1.0.0",
    "main": "index.js",
    "license": "MIT",
    "dependencies": {
      "asciify-image": "^0.1.6",
      "axios": "^0.21.1",
      "blessed": "^0.1.81",
      "chalk": "^4.1.1",
      "cheerio": "^1.0.0-rc.9",
      "inquirer": "^8.1.0",
      "prompt": "^1.1.0",
      "term-list": "^0.2.1",
      "term-list-scrollable": "^0.1.3"
    }
  }

yarn manifest: 
  No manifest

Lockfile: 
  # THIS IS AN AUTOGENERATED FILE. DO NOT EDIT THIS FILE DIRECTLY.
  # yarn lockfile v1
  
  
  "@babel/runtime@^7.7.2":
    version "7.14.6"
    resolved "https://registry.npmjs.org/@babel/runtime/-/runtime-7.14.6.tgz#535203bc0892efc7dec60bdc27b2ecf6e409062d"
    integrity sha512-/PCB2uJ7oM44tz8YhC4Z/6PeOKXp4K588f+5M3clr1M4zbqztlo0XEfJ2LEzj/FgwfgGcIdl8n7YYjTCI0BYwg==
    dependencies:
      regenerator-runtime "^0.13.4"
  
  "@jimp/bmp@^0.10.3":
    version "0.10.3"
    resolved "https://registry.npmjs.org/@jimp/bmp/-/bmp-0.10.3.tgz#79a23678e8389865c62e77b0dccc3e069dfc27f0"
    integrity sha512-keMOc5woiDmONXsB/6aXLR4Z5Q+v8lFq3EY2rcj2FmstbDMhRuGbmcBxlEgOqfRjwvtf/wOtJ3Of37oAWtVfLg==
    dependencies:
      "@babel/runtime" "^7.7.2"
      "@jimp/utils" "^0.10.3"
      bmp-js "^0.1.0"
      core-js "^3.4.1"
  
  "@jimp/core@^0.10.3":
    version "0.10.3"
    resolved "https://registry.npmjs.org/@jimp/core/-/core-0.10.3.tgz#4095f3bef43837c85d8f8373b912bc431cfe6d1f"
    integrity sha512-Gd5IpL3U2bFIO57Fh/OA3HCpWm4uW/pU01E75rI03BXfTdz3T+J7TwvyG1XaqsQ7/DSlS99GXtLQPlfFIe28UA==
    dependencies:
      "@babel/runtime" "^7.7.2"
      "@jimp/utils" "^0.10.3"
      any-base "^1.1.0"
      buffer "^5.2.0"
      core-js "^3.4.1"
      exif-parser "^0.1.12"
      file-type "^9.0.0"
      load-bmfont "^1.3.1"
      mkdirp "^0.5.1"
      phin "^2.9.1"
      pixelmatch "^4.0.2"
      tinycolor2 "^1.4.1"
  
  "@jimp/custom@^0.10.3":
    version "0.10.3"
    resolved "https://registry.npmjs.org/@jimp/custom/-/custom-0.10.3.tgz#eb6201b2e8fdd83afc3d8b514538e5faa1d30980"
    integrity sha512-nZmSI+jwTi5IRyNLbKSXQovoeqsw+D0Jn0SxW08wYQvdkiWA8bTlDQFgQ7HVwCAKBm8oKkDB/ZEo9qvHJ+1gAQ==
    dependencies:
      "@babel/runtime" "^7.7.2"
      "@jimp/core" "^0.10.3"
      core-js "^3.4.1"
  
  "@jimp/gif@^0.10.3":
    version "0.10.3"
    resolved "https://registry.npmjs.org/@jimp/gif/-/gif-0.10.3.tgz#7661280fd2b9cb70175b20e80f4e2b3e3ecf614e"
    integrity sha512-vjlRodSfz1CrUvvrnUuD/DsLK1GHB/yDZXHthVdZu23zYJIW7/WrIiD1IgQ5wOMV7NocfrvPn2iqUfBP81/WWA==
    dependencies:
      "@babel/runtime" "^7.7.2"
      "@jimp/utils" "^0.10.3"
      core-js "^3.4.1"
      omggif "^1.0.9"
  
  "@jimp/jpeg@^0.10.3":
    version "0.10.3"
    resolved "https://registry.npmjs.org/@jimp/jpeg/-/jpeg-0.10.3.tgz#56f66874f204826291747ae12ff9eb337ab5cb8d"
    integrity sha512-AAANwgUZOt6f6P7LZxY9lyJ9xclqutYJlsxt3JbriXUGJgrrFAIkcKcqv1nObgmQASSAQKYaMV9KdHjMlWFKlQ==
    dependencies:
      "@babel/runtime" "^7.7.2"
      "@jimp/utils" "^0.10.3"
      core-js "^3.4.1"
      jpeg-js "^0.3.4"
  
  "@jimp/plugin-blit@^0.10.3":
    version "0.10.3"
    resolved "https://registry.npmjs.org/@jimp/plugin-blit/-/plugin-blit-0.10.3.tgz#095bafbb2d82c300159334a49a094f0b7d362ae6"
    integrity sha512-5zlKlCfx4JWw9qUVC7GI4DzXyxDWyFvgZLaoGFoT00mlXlN75SarlDwc9iZ/2e2kp4bJWxz3cGgG4G/WXrbg3Q==
    dependencies:
      "@babel/runtime" "^7.7.2"
      "@jimp/utils" "^0.10.3"
      core-js "^3.4.1"
  
  "@jimp/plugin-blur@^0.10.3":
    version "0.10.3"
    resolved "https://registry.npmjs.org/@jimp/plugin-blur/-/plugin-blur-0.10.3.tgz#1bb91f730fda02b3c99d913e0191111327654766"
    integrity sha512-cTOK3rjh1Yjh23jSfA6EHCHjsPJDEGLC8K2y9gM7dnTUK1y9NNmkFS23uHpyjgsWFIoH9oRh2SpEs3INjCpZhQ==
    dependencies:
      "@babel/runtime" "^7.7.2"
      "@jimp/utils" "^0.10.3"
      core-js "^3.4.1"
  
  "@jimp/plugin-circle@^0.10.3":
    version "0.10.3"
    resolved "https://registry.npmjs.org/@jimp/plugin-circle/-/plugin-circle-0.10.3.tgz#c5a6ec275cf1e86b1356824637910a299c9fd662"
    integrity sha512-51GAPIVelqAcfuUpaM5JWJ0iWl4vEjNXB7p4P7SX5udugK5bxXUjO6KA2qgWmdpHuCKtoNgkzWU9fNSuYp7tCA==
    dependencies:
      "@babel/runtime" "^7.7.2"
      "@jimp/utils" "^0.10.3"
      core-js "^3.4.1"
  
  "@jimp/plugin-color@^0.10.3":
    version "0.10.3"
    resolved "https://registry.npmjs.org/@jimp/plugin-color/-/plugin-color-0.10.3.tgz#810c0f7cb4ceb21da1aecfbdb6ae09f00c1c0bfa"
    integrity sha512-RgeHUElmlTH7vpI4WyQrz6u59spiKfVQbsG/XUzfWGamFSixa24ZDwX/yV/Ts+eNaz7pZeIuv533qmKPvw2ujg==
    dependencies:
      "@babel/runtime" "^7.7.2"
      "@jimp/utils" "^0.10.3"
      core-js "^3.4.1"
      tinycolor2 "^1.4.1"
  
  "@jimp/plugin-contain@^0.10.3":
    version "0.10.3"
    resolved "https://registry.npmjs.org/@jimp/plugin-contain/-/plugin-contain-0.10.3.tgz#cf62126a60260359061be456b2193818c5eb1df5"
    integrity sha512-bYJKW9dqzcB0Ihc6u7jSyKa3juStzbLs2LFr6fu8TzA2WkMS/R8h+ddkiO36+F9ILTWHP0CIA3HFe5OdOGcigw==
    dependencies:
      "@babel/runtime" "^7.7.2"
      "@jimp/utils" "^0.10.3"
      core-js "^3.4.1"
  
  "@jimp/plugin-cover@^0.10.3":
    version "0.10.3"
    resolved "https://registry.npmjs.org/@jimp/plugin-cover/-/plugin-cover-0.10.3.tgz#7cdf56ce878c24adc35c583735015118c6de38b4"
    integrity sha512-pOxu0cM0BRPzdV468n4dMocJXoMbTnARDY/EpC3ZW15SpMuc/dr1KhWQHgoQX5kVW1Wt8zgqREAJJCQ5KuPKDA==
    dependencies:
      "@babel/runtime" "^7.7.2"
      "@jimp/utils" "^0.10.3"
      core-js "^3.4.1"
  
  "@jimp/plugin-crop@^0.10.3":
    version "0.10.3"
    resolved "https://registry.npmjs.org/@jimp/plugin-crop/-/plugin-crop-0.10.3.tgz#03785181f62ddae9558ae73206f8d6217d7fa703"
    integrity sha512-nB7HgOjjl9PgdHr076xZ3Sr6qHYzeBYBs9qvs3tfEEUeYMNnvzgCCGtUl6eMakazZFCMk3mhKmcB9zQuHFOvkg==
    dependencies:
      "@babel/runtime" "^7.7.2"
      "@jimp/utils" "^0.10.3"
      core-js "^3.4.1"
  
  "@jimp/plugin-displace@^0.10.3":
    version "0.10.3"
    resolved "https://registry.npmjs.org/@jimp/plugin-displace/-/plugin-displace-0.10.3.tgz#cb5b225e6cf3cf44062b08cd2cf2115b3150d8c3"
    integrity sha512-8t3fVKCH5IVqI4lewe4lFFjpxxr69SQCz5/tlpDLQZsrNScNJivHdQ09zljTrVTCSgeCqQJIKgH2Q7Sk/pAZ0w==
    dependencies:
      "@babel/runtime" "^7.7.2"
      "@jimp/utils" "^0.10.3"
      core-js "^3.4.1"
  
  "@jimp/plugin-dither@^0.10.3":
    version "0.10.3"
    resolved "https://registry.npmjs.org/@jimp/plugin-dither/-/plugin-dither-0.10.3.tgz#c5c1cbbf157a771ba72b947dd9921a7bff3cf41a"
    integrity sha512-JCX/oNSnEg1kGQ8ffZ66bEgQOLCY3Rn+lrd6v1jjLy/mn9YVZTMsxLtGCXpiCDC2wG/KTmi4862ysmP9do9dAQ==
    dependencies:
      "@babel/runtime" "^7.7.2"
      "@jimp/utils" "^0.10.3"
      core-js "^3.4.1"
  
  "@jimp/plugin-fisheye@^0.10.3":
    version "0.10.3"
    resolved "https://registry.npmjs.org/@jimp/plugin-fisheye/-/plugin-fisheye-0.10.3.tgz#dee46d704df5c681556dc9ea9e87e8c77ac4fdda"
    integrity sha512-RRZb1wqe+xdocGcFtj2xHU7sF7xmEZmIa6BmrfSchjyA2b32TGPWKnP3qyj7p6LWEsXn+19hRYbjfyzyebPElQ==
    dependencies:
      "@babel/runtime" "^7.7.2"
      "@jimp/utils" "^0.10.3"
      core-js "^3.4.1"
  
  "@jimp/plugin-flip@^0.10.3":
    version "0.10.3"
    resolved "https://registry.npmjs.org/@jimp/plugin-flip/-/plugin-flip-0.10.3.tgz#12f894f85b283ad4f43b492e0755f8ec9459bc60"
    integrity sha512-0epbi8XEzp0wmSjoW9IB0iMu0yNF17aZOxLdURCN3Zr+8nWPs5VNIMqSVa1Y62GSyiMDpVpKF/ITiXre+EqrPg==
    dependencies:
      "@babel/runtime" "^7.7.2"
      "@jimp/utils" "^0.10.3"
      core-js "^3.4.1"
  
  "@jimp/plugin-gaussian@^0.10.3":
    version "0.10.3"
    resolved "https://registry.npmjs.org/@jimp/plugin-gaussian/-/plugin-gaussian-0.10.3.tgz#279222fc5d3aec24fab6162df2a1190309c71874"
    integrity sha512-25eHlFbHUDnMMGpgRBBeQ2AMI4wsqCg46sue0KklI+c2BaZ+dGXmJA5uT8RTOrt64/K9Wz5E+2n7eBnny4dfpQ==
    dependencies:
      "@babel/runtime" "^7.7.2"
      "@jimp/utils" "^0.10.3"
      core-js "^3.4.1"
  
  "@jimp/plugin-invert@^0.10.3":
    version "0.10.3"
    resolved "https://registry.npmjs.org/@jimp/plugin-invert/-/plugin-invert-0.10.3.tgz#6b7beacbe507fa03eec87b1d6343feba80e342eb"
    integrity sha512-effYSApWY/FbtlzqsKXlTLkgloKUiHBKjkQnqh5RL4oQxh/33j6aX+HFdDyQKtsXb8CMd4xd7wyiD2YYabTa0g==
    dependencies:
      "@babel/runtime" "^7.7.2"
      "@jimp/utils" "^0.10.3"
      core-js "^3.4.1"
  
  "@jimp/plugin-mask@^0.10.3":
    version "0.10.3"
    resolved "https://registry.npmjs.org/@jimp/plugin-mask/-/plugin-mask-0.10.3.tgz#72d994c3bb56c050a4edd6515f74b5b6d92dee69"
    integrity sha512-twrg8q8TIhM9Z6Jcu9/5f+OCAPaECb0eKrrbbIajJqJ3bCUlj5zbfgIhiQIzjPJ6KjpnFPSqHQfHkU1Vvk/nVw==
    dependencies:
      "@babel/runtime" "^7.7.2"
      "@jimp/utils" "^0.10.3"
      core-js "^3.4.1"
  
  "@jimp/plugin-normalize@^0.10.3":
    version "0.10.3"
    resolved "https://registry.npmjs.org/@jimp/plugin-normalize/-/plugin-normalize-0.10.3.tgz#f3cbb8a0fcc8e696619d5d46403b0620ee5240d6"
    integrity sha512-xkb5eZI/mMlbwKkDN79+1/t/+DBo8bBXZUMsT4gkFgMRKNRZ6NQPxlv1d3QpRzlocsl6UMxrHnhgnXdLAcgrXw==
    dependencies:
      "@babel/runtime" "^7.7.2"
      "@jimp/utils" "^0.10.3"
      core-js "^3.4.1"
  
  "@jimp/plugin-print@^0.10.3":
    version "0.10.3"
    resolved "https://registry.npmjs.org/@jimp/plugin-print/-/plugin-print-0.10.3.tgz#565d57a3a87dd59b4ede9cba7a6e34f8d01ed1b1"
    integrity sha512-wjRiI6yjXsAgMe6kVjizP+RgleUCLkH256dskjoNvJzmzbEfO7xQw9g6M02VET+emnbY0CO83IkrGm2q43VRyg==
    dependencies:
      "@babel/runtime" "^7.7.2"
      "@jimp/utils" "^0.10.3"
      core-js "^3.4.1"
      load-bmfont "^1.4.0"
  
  "@jimp/plugin-resize@^0.10.3":
    version "0.10.3"
    resolved "https://registry.npmjs.org/@jimp/plugin-resize/-/plugin-resize-0.10.3.tgz#616fab55a1996a12e9583e7c1fb76815388fc14b"
    integrity sha512-rf8YmEB1d7Sg+g4LpqF0Mp+dfXfb6JFJkwlAIWPUOR7lGsPWALavEwTW91c0etEdnp0+JB9AFpy6zqq7Lwkq6w==
    dependencies:
      "@babel/runtime" "^7.7.2"
      "@jimp/utils" "^0.10.3"
      core-js "^3.4.1"
  
  "@jimp/plugin-rotate@^0.10.3":
    version "0.10.3"
    resolved "https://registry.npmjs.org/@jimp/plugin-rotate/-/plugin-rotate-0.10.3.tgz#cfcbdad664e13c84ce9b008ddbc157e03d7baa31"
    integrity sha512-YXLlRjm18fkW9MOHUaVAxWjvgZM851ofOipytz5FyKp4KZWDLk+dZK1JNmVmK7MyVmAzZ5jsgSLhIgj+GgN0Eg==
    dependencies:
      "@babel/runtime" "^7.7.2"
      "@jimp/utils" "^0.10.3"
      core-js "^3.4.1"
  
  "@jimp/plugin-scale@^0.10.3":
    version "0.10.3"
    resolved "https://registry.npmjs.org/@jimp/plugin-scale/-/plugin-scale-0.10.3.tgz#b593081ff35b0e9e11d5e0a3188c590eaa838434"
    integrity sha512-5DXD7x7WVcX1gUgnlFXQa8F+Q3ThRYwJm+aesgrYvDOY+xzRoRSdQvhmdd4JEEue3lyX44DvBSgCIHPtGcEPaw==
    dependencies:
      "@babel/runtime" "^7.7.2"
      "@jimp/utils" "^0.10.3"
      core-js "^3.4.1"
  
  "@jimp/plugin-shadow@^0.10.3":
    version "0.10.3"
    resolved "https://registry.npmjs.org/@jimp/plugin-shadow/-/plugin-shadow-0.10.3.tgz#a9d54c8081a55152e5cc830cf5c898ab882b519a"
    integrity sha512-/nkFXpt2zVcdP4ETdkAUL0fSzyrC5ZFxdcphbYBodqD7fXNqChS/Un1eD4xCXWEpW8cnG9dixZgQgStjywH0Mg==
    dependencies:
      "@babel/runtime" "^7.7.2"
      "@jimp/utils" "^0.10.3"
      core-js "^3.4.1"
  
  "@jimp/plugin-threshold@^0.10.3":
    version "0.10.3"
    resolved "https://registry.npmjs.org/@jimp/plugin-threshold/-/plugin-threshold-0.10.3.tgz#8dd289c81de4bfbdb496f9c24496f9ee3b751ab5"
    integrity sha512-Dzh0Yq2wXP2SOnxcbbiyA4LJ2luwrdf1MghNIt9H+NX7B+IWw/N8qA2GuSm9n4BPGSLluuhdAWJqHcTiREriVA==
    dependencies:
      "@babel/runtime" "^7.7.2"
      "@jimp/utils" "^0.10.3"
      core-js "^3.4.1"
  
  "@jimp/plugins@^0.10.3":
    version "0.10.3"
    resolved "https://registry.npmjs.org/@jimp/plugins/-/plugins-0.10.3.tgz#e15d7ba3f9e2a6b479efad5c344c8b61e01b7cb2"
    integrity sha512-jTT3/7hOScf0EIKiAXmxwayHhryhc1wWuIe3FrchjDjr9wgIGNN2a7XwCgPl3fML17DXK1x8EzDneCdh261bkw==
    dependencies:
      "@babel/runtime" "^7.7.2"
      "@jimp/plugin-blit" "^0.10.3"
      "@jimp/plugin-blur" "^0.10.3"
      "@jimp/plugin-circle" "^0.10.3"
      "@jimp/plugin-color" "^0.10.3"
      "@jimp/plugin-contain" "^0.10.3"
      "@jimp/plugin-cover" "^0.10.3"
      "@jimp/plugin-crop" "^0.10.3"
      "@jimp/plugin-displace" "^0.10.3"
      "@jimp/plugin-dither" "^0.10.3"
      "@jimp/plugin-fisheye" "^0.10.3"
      "@jimp/plugin-flip" "^0.10.3"
      "@jimp/plugin-gaussian" "^0.10.3"
      "@jimp/plugin-invert" "^0.10.3"
      "@jimp/plugin-mask" "^0.10.3"
      "@jimp/plugin-normalize" "^0.10.3"
      "@jimp/plugin-print" "^0.10.3"
      "@jimp/plugin-resize" "^0.10.3"
      "@jimp/plugin-rotate" "^0.10.3"
      "@jimp/plugin-scale" "^0.10.3"
      "@jimp/plugin-shadow" "^0.10.3"
      "@jimp/plugin-threshold" "^0.10.3"
      core-js "^3.4.1"
      timm "^1.6.1"
  
  "@jimp/png@^0.10.3":
    version "0.10.3"
    resolved "https://registry.npmjs.org/@jimp/png/-/png-0.10.3.tgz#5282cad239d02743137d88239e4cb1804ed877dd"
    integrity sha512-YKqk/dkl+nGZxSYIDQrqhmaP8tC3IK8H7dFPnnzFVvbhDnyYunqBZZO3SaZUKTichClRw8k/CjBhbc+hifSGWg==
    dependencies:
      "@babel/runtime" "^7.7.2"
      "@jimp/utils" "^0.10.3"
      core-js "^3.4.1"
      pngjs "^3.3.3"
  
  "@jimp/tiff@^0.10.3":
    version "0.10.3"
    resolved "https://registry.npmjs.org/@jimp/tiff/-/tiff-0.10.3.tgz#6d143bbc42b40c9f618686a596311b35f7ff8502"
    integrity sha512-7EsJzZ5Y/EtinkBGuwX3Bi4S+zgbKouxjt9c82VJTRJOQgLWsE/RHqcyRCOQBhHAZ9QexYmDz34medfLKdoX0g==
    dependencies:
      "@babel/runtime" "^7.7.2"
      core-js "^3.4.1"
      utif "^2.0.1"
  
  "@jimp/types@^0.10.3":
    version "0.10.3"
    resolved "https://registry.npmjs.org/@jimp/types/-/types-0.10.3.tgz#9122e0a3c70129c7f26c05bbeae5030ed3a6fd5d"
    integrity sha512-XGmBakiHZqseSWr/puGN+CHzx0IKBSpsKlmEmsNV96HKDiP6eu8NSnwdGCEq2mmIHe0JNcg1hqg59hpwtQ7Tiw==
    dependencies:
      "@babel/runtime" "^7.7.2"
      "@jimp/bmp" "^0.10.3"
      "@jimp/gif" "^0.10.3"
      "@jimp/jpeg" "^0.10.3"
      "@jimp/png" "^0.10.3"
      "@jimp/tiff" "^0.10.3"
      core-js "^3.4.1"
      timm "^1.6.1"
  
  "@jimp/utils@^0.10.3":
    version "0.10.3"
    resolved "https://registry.npmjs.org/@jimp/utils/-/utils-0.10.3.tgz#69209dd6c2d6fd956a0beb67a47c26cb6f52f3fe"
    integrity sha512-VcSlQhkil4ReYmg1KkN+WqHyYfZ2XfZxDsKAHSfST1GEz/RQHxKZbX+KhFKtKflnL0F4e6DlNQj3vznMNXCR2w==
    dependencies:
      "@babel/runtime" "^7.7.2"
      core-js "^3.4.1"
      regenerator-runtime "^0.13.3"
  
  ajv@^6.12.3:
    version "6.12.6"
    resolved "https://registry.npmjs.org/ajv/-/ajv-6.12.6.tgz#baf5a62e802b07d977034586f8c3baf5adf26df4"
    integrity sha512-j3fVLgvTo527anyYyJOGTYJbG+vnnQYvE0m5mmkc1TK+nxAppkCLMIL0aZ4dblVCNoGShhm+kzE4ZUykBoMg4g==
    dependencies:
      fast-deep-equal "^3.1.1"
      fast-json-stable-stringify "^2.0.0"
      json-schema-traverse "^0.4.1"
      uri-js "^4.2.2"
  
  ansi-escapes@^4.2.1:
    version "4.3.2"
    resolved "https://registry.npmjs.org/ansi-escapes/-/ansi-escapes-4.3.2.tgz#6b2291d1db7d98b6521d5f1efa42d0f3a9feb65e"
    integrity sha512-gKXj5ALrKWQLsYG9jlTRmR/xKluxHV+Z9QEwNIgCfM1/uwPMCuzVVnh5mwTd+OuBZcwSIMbqssNWRm1lE51QaQ==
    dependencies:
      type-fest "^0.21.3"
  
  ansi-regex@^5.0.0:
    version "5.0.0"
    resolved "https://registry.npmjs.org/ansi-regex/-/ansi-regex-5.0.0.tgz#388539f55179bf39339c81af30a654d69f87cb75"
    integrity sha512-bY6fj56OUQ0hU1KjFNDQuJFezqKdrAyFdIevADiqrWHwSlbmBNMHp5ak2f40Pm8JTFyM2mqxkG6ngkHO11f/lg==
  
  ansi-styles@^3.0.0:
    version "3.2.1"
    resolved "https://registry.npmjs.org/ansi-styles/-/ansi-styles-3.2.1.tgz#41fbb20243e50b12be0f04b8dedbf07520ce841d"
    integrity sha512-VT0ZI6kZRdTh8YyJw3SMbYm/u+NqfsAxEpWO0Pf9sq8/e94WxxOpPKx9FR1FlyCtOVDNOQ+8ntlqFxiRc+r5qA==
    dependencies:
      color-convert "^1.9.0"
  
  ansi-styles@^4.1.0:
    version "4.3.0"
    resolved "https://registry.npmjs.org/ansi-styles/-/ansi-styles-4.3.0.tgz#edd803628ae71c04c85ae7a0906edad34b648937"
    integrity sha512-zbB9rCJAT1rbjiVDb2hqKFHNYLxgtk8NURxZ3IZwD3F6NtxbXZQCnnSi1Lkx+IDohdPlFp222wVALIheZJQSEg==
    dependencies:
      color-convert "^2.0.1"
  
  ansy@^1.0.0:
    version "1.0.15"
    resolved "https://registry.npmjs.org/ansy/-/ansy-1.0.15.tgz#3915c82eb71aa8ddc37721c8c6db66d50d44c207"
    integrity sha512-mQyNSn58HN7aEthofkap0hn8jg7/5SJWrB0ypExgcECOwLppc0njH+QBA9X5VMiEN9SM0JlFZWJQGycxxInAqg==
    dependencies:
      ansi-styles "^3.0.0"
      custom-return "^1.0.0"
      supports-color "^3.1.2"
      ul "^5.2.1"
  
  any-base@^1.1.0:
    version "1.1.0"
    resolved "https://registry.npmjs.org/any-base/-/any-base-1.1.0.tgz#ae101a62bc08a597b4c9ab5b7089d456630549fe"
    integrity sha512-uMgjozySS8adZZYePpaWs8cxB9/kdzmpX6SgJZ+wbz1K5eYk5QMYDVJaZKhxyIHUdnnJkfR7SVgStgH7LkGUyg==
  
  array-parallel@~0.1.3:
    version "0.1.3"
    resolved "https://registry.npmjs.org/array-parallel/-/array-parallel-0.1.3.tgz#8f785308926ed5aa478c47e64d1b334b6c0c947d"
    integrity sha1-j3hTCJJu1apHjEfmTRszS2wMlH0=
  
  array-series@~0.1.5:
    version "0.1.5"
    resolved "https://registry.npmjs.org/array-series/-/array-series-0.1.5.tgz#df5d37bfc5c2ef0755e2aa4f92feae7d4b5a972f"
    integrity sha1-3103v8XC7wdV4qpPkv6ufUtaly8=
  
  asciify-image@^0.1.6:
    version "0.1.6"
    resolved "https://registry.npmjs.org/asciify-image/-/asciify-image-0.1.6.tgz#11a3e2366be3ed10473d79df9a1bc3bc0318d46f"
    integrity sha512-AVaOC6UcePCB/q9jErv/E9xKVLjpEMyvW7+1UVEWSm2MCPhR1BDaim101Wiu7HLeZKwbE5PY3Hund+7a662Q2g==
    dependencies:
      couleurs "^5.0.0"
      jimp "^0.10.3"
      minimist "^1.2.5"
      request "^2.88.0"
      terminal-char-width "^1.0.8"
      window-size "^0.1.2"
  
  asciify-pixel-matrix@^1.0.0:
    version "1.0.14"
    resolved "https://registry.npmjs.org/asciify-pixel-matrix/-/asciify-pixel-matrix-1.0.14.tgz#f4864eefbc792cbc5cef759216b7fbfbb1affd68"
    integrity sha512-6Lvh2eBWO9pVNhs7tzd+36cHw+QhnOYmCcPKlW4RIKvNnSzbT2kNYUV3qcBxDYr4SKMGkiXFWiNOwW5nY4N/8A==
    dependencies:
      asciify-pixel "^1.0.0"
      ul "^5.2.1"
  
  asciify-pixel@^1.0.0:
    version "1.2.14"
    resolved "https://registry.npmjs.org/asciify-pixel/-/asciify-pixel-1.2.14.tgz#b5e5751226a59f5a35a18b393568cedbd7177405"
    integrity sha512-hA7HezbS9Tc1Y/1YaS6IMMOV9k8I1LmTSAu9/F1A4C/JHDc0EJ9MdVxtZTYFNASglS2wC7ekfgavPyXWnetVlA==
    dependencies:
      couleurs "^6.0.0"
      deffy "^2.2.1"
      pixel-bg "^1.0.0"
      pixel-class "^1.0.0"
      pixel-white-bg "^1.0.0"
      ul "^5.2.1"
  
  asn1@~0.2.3:
    version "0.2.4"
    resolved "https://registry.npmjs.org/asn1/-/asn1-0.2.4.tgz#8d2475dfab553bb33e77b54e59e880bb8ce23136"
    integrity sha512-jxwzQpLQjSmWXgwaCZE9Nz+glAG01yF1QnWgbhGwHI5A6FRIEY6IVqtHhIepHqI7/kyEyQEagBC5mBEFlIYvdg==
    dependencies:
      safer-buffer "~2.1.0"
  
  assert-plus@1.0.0, assert-plus@^1.0.0:
    version "1.0.0"
    resolved "https://registry.npmjs.org/assert-plus/-/assert-plus-1.0.0.tgz#f12e0f3c5d77b0b1cdd9146942e4e96c1e4dd525"
    integrity sha1-8S4PPF13sLHN2RRpQuTpbB5N1SU=
  
  assured@^1.0.12:
    version "1.0.15"
    resolved "https://registry.npmjs.org/assured/-/assured-1.0.15.tgz#f87479e8eaed7bddf2a0589571e390c989e8fe17"
    integrity sha512-EVb4T+6m5VdlTJ6gbv4WjBM1rHfzXP2BspsQ6VLswcnIQSabjJy7A9YEuG4/KmfF+9OEuT5xhqVJ+V1tClD5ww==
    dependencies:
      noop6 "^1.0.1"
      sliced "^1.0.1"
  
  async@~0.9.0:
    version "0.9.2"
    resolved "https://registry.npmjs.org/async/-/async-0.9.2.tgz#aea74d5e61c1f899613bf64bda66d4c78f2fd17d"
    integrity sha1-rqdNXmHB+JlhO/ZL2mbUx48v0X0=
  
  async@~1.0.0:
    version "1.0.0"
    resolved "https://registry.npmjs.org/async/-/async-1.0.0.tgz#f8fc04ca3a13784ade9e1641af98578cfbd647a9"
    integrity sha1-+PwEyjoTeErenhZBr5hXjPvWR6k=
  
  asynckit@^0.4.0:
    version "0.4.0"
    resolved "https://registry.npmjs.org/asynckit/-/asynckit-0.4.0.tgz#c79ed97f7f34cb8f2ba1bc9790bcc366474b4b79"
    integrity sha1-x57Zf380y48robyXkLzDZkdLS3k=
  
  aws-sign2@~0.7.0:
    version "0.7.0"
    resolved "https://registry.npmjs.org/aws-sign2/-/aws-sign2-0.7.0.tgz#b46e890934a9591f2d2f6f86d7e6a9f1b3fe76a8"
    integrity sha1-tG6JCTSpWR8tL2+G1+ap8bP+dqg=
  
  aws4@^1.8.0:
    version "1.11.0"
    resolved "https://registry.npmjs.org/aws4/-/aws4-1.11.0.tgz#d61f46d83b2519250e2784daf5b09479a8b41c59"
    integrity sha512-xh1Rl34h6Fi1DC2WWKfxUTVqRsNnr6LsKz2+hfwDxQJWmrx8+c7ylaqBMcHfl1U1r2dsifOvKX3LQuLNZ+XSvA==
  
  axios@^0.21.1:
    version "0.21.1"
    resolved "https://registry.npmjs.org/axios/-/axios-0.21.1.tgz#22563481962f4d6bde9a76d516ef0e5d3c09b2b8"
    integrity sha512-dKQiRHxGD9PPRIUNIWvZhPTPpl1rf/OxTYKsqKUDjBwYylTvV7SjSHJb9ratfyzM6wCdLCOYLzs73qpg5c4iGA==
    dependencies:
      follow-redirects "^1.10.0"
  
  balanced-match@^1.0.0:
    version "1.0.2"
    resolved "https://registry.npmjs.org/balanced-match/-/balanced-match-1.0.2.tgz#e83e3a7e3f300b34cb9d87f615fa0cbf357690ee"
    integrity sha512-3oSeUO0TMV67hN1AmbXsK4yaqU7tjiHlbxRDZOpH0KW9+CeX4bRAaX0Anxt0tx2MrpRpWwQaPwIlISEJhYU5Pw==
  
  base64-js@^1.3.1:
    version "1.5.1"
    resolved "https://registry.npmjs.org/base64-js/-/base64-js-1.5.1.tgz#1b1b440160a5bf7ad40b650f095963481903930a"
    integrity sha512-AKpaYlHn8t4SVbOHCy+b5+KKgvR4vrsD8vbvrbiQJps7fKDTkjkDry6ji0rUJjC0kzbNePLwzxq8iypo41qeWA==
  
  bcrypt-pbkdf@^1.0.0:
    version "1.0.2"
    resolved "https://registry.npmjs.org/bcrypt-pbkdf/-/bcrypt-pbkdf-1.0.2.tgz#a4301d389b6a43f9b67ff3ca11a3f6637e360e9e"
    integrity sha1-pDAdOJtqQ/m2f/PKEaP2Y342Dp4=
    dependencies:
      tweetnacl "^0.14.3"
  
  bl@^4.1.0:
    version "4.1.0"
    resolved "https://registry.npmjs.org/bl/-/bl-4.1.0.tgz#451535264182bec2fbbc83a62ab98cf11d9f7b3a"
    integrity sha512-1W07cM9gS6DcLperZfFSj+bWLtaPGSOHWhPiGzXmvVJbRLdG82sH/Kn8EtW1VqWVA54AKf2h5k5BbnIbwF3h6w==
    dependencies:
      buffer "^5.5.0"
      inherits "^2.0.4"
      readable-stream "^3.4.0"
  
  blessed@^0.1.81:
    version "0.1.81"
    resolved "https://registry.npmjs.org/blessed/-/blessed-0.1.81.tgz#f962d687ec2c369570ae71af843256e6d0ca1129"
    integrity sha1-+WLWh+wsNpVwrnGvhDJW5tDKESk=
  
  bmp-js@^0.1.0:
    version "0.1.0"
    resolved "https://registry.npmjs.org/bmp-js/-/bmp-js-0.1.0.tgz#e05a63f796a6c1ff25f4771ec7adadc148c07233"
    integrity sha1-4Fpj95amwf8l9Hcex62twUjAcjM=
  
  boolbase@^1.0.0:
    version "1.0.0"
    resolved "https://registry.npmjs.org/boolbase/-/boolbase-1.0.0.tgz#68dff5fbe60c51eb37725ea9e3ed310dcc1e776e"
    integrity sha1-aN/1++YMUes3cl6p4+0xDcwed24=
  
  brace-expansion@^1.1.7:
    version "1.1.11"
    resolved "https://registry.npmjs.org/brace-expansion/-/brace-expansion-1.1.11.tgz#3c7fcbf529d87226f3d2f52b966ff5271eb441dd"
    integrity sha512-iCuPHDFgrHX7H2vEI/5xpz07zSHB00TpugqhmYtVmMO6518mCuRMoOYFldEBl0g187ufozdaHgWKcYFb61qGiA==
    dependencies:
      balanced-match "^1.0.0"
      concat-map "0.0.1"
  
  buffer-equal@0.0.1:
    version "0.0.1"
    resolved "https://registry.npmjs.org/buffer-equal/-/buffer-equal-0.0.1.tgz#91bc74b11ea405bc916bc6aa908faafa5b4aac4b"
    integrity sha1-kbx0sR6kBbyRa8aqkI+q+ltKrEs=
  
  buffer@^5.2.0, buffer@^5.5.0:
    version "5.7.1"
    resolved "https://registry.npmjs.org/buffer/-/buffer-5.7.1.tgz#ba62e7c13133053582197160851a8f648e99eed0"
    integrity sha512-EHcyIPBQ4BSGlvjB16k5KgAJ27CIsHY/2JBmCRReo48y9rQ3MaUzWX3KVlBa4U7MyX02HdVj0K7C3WaB3ju7FQ==
    dependencies:
      base64-js "^1.3.1"
      ieee754 "^1.1.13"
  
  caseless@~0.12.0:
    version "0.12.0"
    resolved "https://registry.npmjs.org/caseless/-/caseless-0.12.0.tgz#1b681c21ff84033c826543090689420d187151dc"
    integrity sha1-G2gcIf+EAzyCZUMJBolCDRhxUdw=
  
  cb-buffer@^2.0.0:
    version "2.1.9"
    resolved "https://registry.npmjs.org/cb-buffer/-/cb-buffer-2.1.9.tgz#1d29d15db0250a177199f0c05a74f043aeacffcb"
    integrity sha512-cGPW0zPBLI++nx3iVhC4mkafh7/PsTpNPSLkH0mYs0vlyE3wsyRIP0Uiz4wEGWu0tjd+62kM1muZN6nXUXNRvQ==
  
  chalk@^4.1.0, chalk@^4.1.1:
    version "4.1.1"
    resolved "https://repo.huaweicloud.com/repository/npm/chalk/-/chalk-4.1.1.tgz#c80b3fab28bf6371e6863325eee67e618b77e6ad"
    integrity sha512-diHzdDKxcU+bAsUboHLPEDQiw0qEe0qd7SYUn3HgcFlWgbDcfLGswOHYeGrHKzG9z6UYf01d9VFMfZxPM1xZSg==
    dependencies:
      ansi-styles "^4.1.0"
      supports-color "^7.1.0"
  
  chardet@^0.7.0:
    version "0.7.0"
    resolved "https://registry.npmjs.org/chardet/-/chardet-0.7.0.tgz#90094849f0937f2eedc2425d0d28a9e5f0cbad9e"
    integrity sha512-mT8iDcrh03qDGRRmoA2hmBJnxpllMR+0/0qlzjqZES6NdiWDcZkCNAk4rPFZ9Q85r27unkiNNg8ZOiwZXBHwcA==
  
  cheerio-select@^1.4.0:
    version "1.5.0"
    resolved "https://registry.npmjs.org/cheerio-select/-/cheerio-select-1.5.0.tgz#faf3daeb31b17c5e1a9dabcee288aaf8aafa5823"
    integrity sha512-qocaHPv5ypefh6YNxvnbABM07KMxExbtbfuJoIie3iZXX1ERwYmJcIiRrr9H05ucQP1k28dav8rpdDgjQd8drg==
    dependencies:
      css-select "^4.1.3"
      css-what "^5.0.1"
      domelementtype "^2.2.0"
      domhandler "^4.2.0"
      domutils "^2.7.0"
  
  cheerio@^1.0.0-rc.9:
    version "1.0.0-rc.9"
    resolved "https://registry.npmjs.org/cheerio/-/cheerio-1.0.0-rc.9.tgz#a3ae6b7ce7af80675302ff836f628e7cb786a67f"
    integrity sha512-QF6XVdrLONO6DXRF5iaolY+odmhj2CLj+xzNod7INPWMi/x9X4SOylH0S/vaPpX+AUU6t04s34SQNh7DbkuCng==
    dependencies:
      cheerio-select "^1.4.0"
      dom-serializer "^1.3.1"
      domhandler "^4.2.0"
      htmlparser2 "^6.1.0"
      parse5 "^6.0.1"
      parse5-htmlparser2-tree-adapter "^6.0.1"
      tslib "^2.2.0"
  
  cli-cursor@^3.1.0:
    version "3.1.0"
    resolved "https://registry.npmjs.org/cli-cursor/-/cli-cursor-3.1.0.tgz#264305a7ae490d1d03bf0c9ba7c925d1753af307"
    integrity sha512-I/zHAwsKf9FqGoXM4WWRACob9+SNukZTd94DWF57E4toouRulbCxcUh6RKUEOQlYTHJnzkPMySvPNaaSLNfLZw==
    dependencies:
      restore-cursor "^3.1.0"
  
  cli-spinners@^2.5.0:
    version "2.6.0"
    resolved "https://registry.npmjs.org/cli-spinners/-/cli-spinners-2.6.0.tgz#36c7dc98fb6a9a76bd6238ec3f77e2425627e939"
    integrity sha512-t+4/y50K/+4xcCRosKkA7W4gTr1MySvLV0q+PxmG7FJ5g+66ChKurYjxBCjHggHH3HA5Hh9cy+lcUGWDqVH+4Q==
  
  cli-width@^3.0.0:
    version "3.0.0"
    resolved "https://registry.npmjs.org/cli-width/-/cli-width-3.0.0.tgz#a2f48437a2caa9a22436e794bf071ec9e61cedf6"
    integrity sha512-FxqpkPPwu1HjuN93Omfm4h8uIanXofW0RxVEW3k5RKx+mJJYSthzNhp32Kzxxy3YAEZ/Dc/EWN1vZRY0+kOhbw==
  
  clone@^1.0.2:
    version "1.0.4"
    resolved "https://registry.npmjs.org/clone/-/clone-1.0.4.tgz#da309cc263df15994c688ca902179ca3c7cd7c7e"
    integrity sha1-2jCcwmPfFZlMaIypAheco8fNfH4=
  
  color-convert@^1.0.0, color-convert@^1.9.0:
    version "1.9.3"
    resolved "https://registry.npmjs.org/color-convert/-/color-convert-1.9.3.tgz#bb71850690e1f136567de629d2d5471deda4c1e8"
    integrity sha512-QfAUtd+vFdAtFQcC8CCyYt1fYWxSqAiK2cSD6zDB8N3cpsEBAvRxp9zOGg6G/SHHJYAT88/az/IuDGALsNVbGg==
    dependencies:
      color-name "1.1.3"
  
  color-convert@^2.0.1:
    version "2.0.1"
    resolved "https://registry.npmjs.org/color-convert/-/color-convert-2.0.1.tgz#72d3a68d598c9bdb3af2ad1e84f21d896abd4de3"
    integrity sha512-RRECPsj7iu/xb5oKYcsFHSppFNnsj/52OVTRKb4zP5onXwVF3zVmmToNcOfGC+CRDpfK/U584fMg38ZHCaElKQ==
    dependencies:
      color-name "~1.1.4"
  
  color-name@1.1.3:
    version "1.1.3"
    resolved "https://registry.npmjs.org/color-name/-/color-name-1.1.3.tgz#a7d0558bd89c42f795dd42328f740831ca53bc25"
    integrity sha1-p9BVi9icQveV3UIyj3QIMcpTvCU=
  
  color-name@~1.1.4:
    version "1.1.4"
    resolved "https://registry.npmjs.org/color-name/-/color-name-1.1.4.tgz#c2a09a87acbde69543de6f63fa3995c826c536a2"
    integrity sha512-dOy+3AuW3a2wNbZHIuMZpTcgjGuLU/uBL/ubcZF9OXbDo8ff4O8yVp5Bf0efS8uEoYo5q4Fx7dY9OgQGXgAsQA==
  
  colors@1.0.x:
    version "1.0.3"
    resolved "https://registry.npmjs.org/colors/-/colors-1.0.3.tgz#0433f44d809680fdeb60ed260f1b0c262e82a40b"
    integrity sha1-BDP0TYCWgP3rYO0mDxsMJi6CpAs=
  
  colors@^1.1.2:
    version "1.4.0"
    resolved "https://registry.npmjs.org/colors/-/colors-1.4.0.tgz#c50491479d4c1bdaed2c9ced32cf7c7dc2360f78"
    integrity sha512-a+UqTh4kgZg/SlGvfbzDHpgRu7AAQOmmqRHJnxhRZICKFUT91brVhNNt58CMWU9PsBbv3PDCZUHbVxuDiH2mtA==
  
  combined-stream@^1.0.6, combined-stream@~1.0.6:
    version "1.0.8"
    resolved "https://registry.npmjs.org/combined-stream/-/combined-stream-1.0.8.tgz#c3d45a8b34fd730631a110a8a2520682b31d5a7f"
    integrity sha512-FQN4MRfuJeHf7cBbBMJFXhKSDq+2kAArBlmRBvcvFE5BB1HZKXtSFASDhdlz9zOYwxh8lDdnvmMOe/+5cdoEdg==
    dependencies:
      delayed-stream "~1.0.0"
  
  compute-size@^1.0.1:
    version "1.0.13"
    resolved "https://registry.npmjs.org/compute-size/-/compute-size-1.0.13.tgz#afe2d82436319c71912edfbfb13f6c2a2308a81d"
    integrity sha512-S/fbgGZII1GRJdYjv6gX+q2x+VhhszvQKkRyxcqI4iSCXpSx68xFHFLR3y/RqvGuFNavni2cMiVp1rQU2Xb6Ag==
    dependencies:
      fixed-or-percent "^1.0.0"
      map-o "^2.0.1"
      ul "^5.2.1"
  
  concat-map@0.0.1:
    version "0.0.1"
    resolved "https://registry.npmjs.org/concat-map/-/concat-map-0.0.1.tgz#d8a96bd77fd68df7793a73036a3ba0d5405d477b"
    integrity sha1-2Klr13/Wjfd5OnMDajug1UBdR3s=
  
  core-js@^3.4.1:
    version "3.15.2"
    resolved "https://registry.npmjs.org/core-js/-/core-js-3.15.2.tgz#740660d2ff55ef34ce664d7e2455119c5bdd3d61"
    integrity sha512-tKs41J7NJVuaya8DxIOCnl8QuPHx5/ZVbFo1oKgVl1qHFBBrDctzQGtuLjPpRdNTWmKPH6oEvgN/MUID+l485Q==
  
  core-util-is@1.0.2:
    version "1.0.2"
    resolved "https://registry.npmjs.org/core-util-is/-/core-util-is-1.0.2.tgz#b5fd54220aa2bc5ab57aab7140c940754503c1a7"
    integrity sha1-tf1UIgqivFq1eqtxQMlAdUUDwac=
  
  couleurs@^5.0.0:
    version "5.2.1"
    resolved "https://registry.npmjs.org/couleurs/-/couleurs-5.2.1.tgz#5399f9f7a159852ec14244f841bd858f04dc52a3"
    integrity sha1-U5n596FZhS7BQkT4Qb2FjwTcUqM=
    dependencies:
      flat-colors "3.0.0"
      typpy "2.0.0"
      x256 "0.0.2"
  
  couleurs@^6.0.0:
    version "6.0.11"
    resolved "https://registry.npmjs.org/couleurs/-/couleurs-6.0.11.tgz#15aa838cba5df3036c01a1c782d40ca9ed47e480"
    integrity sha512-y5WUDtgQKw/tVViZCj3ACX8VseU0ONxiet8SRsE89uH4s/otRLXGOMymfVbKMFzedKOdxQpTcYWukRwkvgRYdw==
    dependencies:
      ansy "^1.0.0"
      color-convert "^1.0.0"
      iterate-object "^1.3.1"
      typpy "^2.3.1"
  
  cross-spawn@^4.0.0:
    version "4.0.2"
    resolved "https://registry.npmjs.org/cross-spawn/-/cross-spawn-4.0.2.tgz#7b9247621c23adfdd3856004a823cbe397424d41"
    integrity sha1-e5JHYhwjrf3ThWAEqCPL45dCTUE=
    dependencies:
      lru-cache "^4.0.1"
      which "^1.2.9"
  
  css-select@^4.1.3:
    version "4.1.3"
    resolved "https://registry.npmjs.org/css-select/-/css-select-4.1.3.tgz#a70440f70317f2669118ad74ff105e65849c7067"
    integrity sha512-gT3wBNd9Nj49rAbmtFHj1cljIAOLYSX1nZ8CB7TBO3INYckygm5B7LISU/szY//YmdiSLbJvDLOx9VnMVpMBxA==
    dependencies:
      boolbase "^1.0.0"
      css-what "^5.0.0"
      domhandler "^4.2.0"
      domutils "^2.6.0"
      nth-check "^2.0.0"
  
  css-what@^5.0.0, css-what@^5.0.1:
    version "5.0.1"
    resolved "https://registry.npmjs.org/css-what/-/css-what-5.0.1.tgz#3efa820131f4669a8ac2408f9c32e7c7de9f4cad"
    integrity sha512-FYDTSHb/7KXsWICVsxdmiExPjCfRC4qRFBdVwv7Ax9hMnvMmEjP9RfxTEZ3qPZGmADDn2vAKSo9UcN1jKVYscg==
  
  custom-return@^1.0.0:
    version "1.0.12"
    resolved "https://registry.npmjs.org/custom-return/-/custom-return-1.0.12.tgz#371bcda1f4baa63cd98c00e16b2d6523ba1b741e"
    integrity sha512-Xy6IlEV6gW5Iu4YRoQe0A5RG1mzezawcTXzAk7u28oB2UilRfbbOc1C7RmWE6AJ1inSm8gghCkIpo0LUQfLbvw==
    dependencies:
      noop6 "^1.0.0"
  
  cycle@1.0.x:
    version "1.0.3"
    resolved "https://registry.npmjs.org/cycle/-/cycle-1.0.3.tgz#21e80b2be8580f98b468f379430662b046c34ad2"
    integrity sha1-IegLK+hYD5i0aPN5QwZisEbDStI=
  
  dashdash@^1.12.0:
    version "1.14.1"
    resolved "https://registry.npmjs.org/dashdash/-/dashdash-1.14.1.tgz#853cfa0f7cbe2fed5de20326b8dd581035f6e2f0"
    integrity sha1-hTz6D3y+L+1d4gMmuN1YEDX24vA=
    dependencies:
      assert-plus "^1.0.0"
  
  debug@^3.1.0:
    version "3.2.7"
    resolved "https://registry.npmjs.org/debug/-/debug-3.2.7.tgz#72580b7e9145fb39b6676f9c5e5fb100b934179a"
    integrity sha512-CFjzYYAi4ThfiQvizrFQevTTXHtnCqWfe7x1AhgEscTz6ZbLbfoLRLPugTQyBth6f8ZERVUSyWHFD/7Wu4t1XQ==
    dependencies:
      ms "^2.1.1"
  
  deep-equal@~0.2.1:
    version "0.2.2"
    resolved "https://registry.npmjs.org/deep-equal/-/deep-equal-0.2.2.tgz#84b745896f34c684e98f2ce0e42abaf43bba017d"
    integrity sha1-hLdFiW80xoTpjyzg5Cq69Du6AX0=
  
  defaults@^1.0.3:
    version "1.0.3"
    resolved "https://registry.npmjs.org/defaults/-/defaults-1.0.3.tgz#c656051e9817d9ff08ed881477f3fe4019f3ef7d"
    integrity sha1-xlYFHpgX2f8I7YgUd/P+QBnz730=
    dependencies:
      clone "^1.0.2"
  
  deffy@2.0.0:
    version "2.0.0"
    resolved "https://registry.npmjs.org/deffy/-/deffy-2.0.0.tgz#f82e08eea518c4a0a30b1f03ec504d248af28932"
    integrity sha1-+C4I7qUYxKCjCx8D7FBNJIryiTI=
    dependencies:
      typpy "^2.0.0"
  
  deffy@^2.2.1, deffy@^2.2.2:
    version "2.2.4"
    resolved "https://registry.npmjs.org/deffy/-/deffy-2.2.4.tgz#53c1b5f59b58a58150b1c9de5529229875c4cc17"
    integrity sha512-pLc9lsbsWjr6RxmJ2OLyvm+9l4j1yK69h+TML/gUit/t3vTijpkNGh8LioaJYTGO7F25m6HZndADcUOo2PsiUg==
    dependencies:
      typpy "^2.0.0"
  
  delayed-stream@~1.0.0:
    version "1.0.0"
    resolved "https://registry.npmjs.org/delayed-stream/-/delayed-stream-1.0.0.tgz#df3ae199acadfb7d440aaae0b29e2272b24ec619"
    integrity sha1-3zrhmayt+31ECqrgsp4icrJOxhk=
  
  dom-serializer@^1.0.1, dom-serializer@^1.3.1:
    version "1.3.2"
    resolved "https://registry.npmjs.org/dom-serializer/-/dom-serializer-1.3.2.tgz#6206437d32ceefaec7161803230c7a20bc1b4d91"
    integrity sha512-5c54Bk5Dw4qAxNOI1pFEizPSjVsx5+bpJKmL2kPn8JhBUq2q09tTCa3mjijun2NfK78NMouDYNMBkOrPZiS+ig==
    dependencies:
      domelementtype "^2.0.1"
      domhandler "^4.2.0"
      entities "^2.0.0"
  
  dom-walk@^0.1.0:
    version "0.1.2"
    resolved "https://registry.npmjs.org/dom-walk/-/dom-walk-0.1.2.tgz#0c548bef048f4d1f2a97249002236060daa3fd84"
    integrity sha512-6QvTW9mrGeIegrFXdtQi9pk7O/nSK6lSdXW2eqUspN5LWD7UTji2Fqw5V2YLjBpHEoU9Xl/eUWNpDeZvoyOv2w==
  
  domelementtype@^2.0.1, domelementtype@^2.2.0:
    version "2.2.0"
    resolved "https://registry.npmjs.org/domelementtype/-/domelementtype-2.2.0.tgz#9a0b6c2782ed6a1c7323d42267183df9bd8b1d57"
    integrity sha512-DtBMo82pv1dFtUmHyr48beiuq792Sxohr+8Hm9zoxklYPfa6n0Z3Byjj2IV7bmr2IyqClnqEQhfgHJJ5QF0R5A==
  
  domhandler@^4.0.0, domhandler@^4.2.0:
    version "4.2.0"
    resolved "https://registry.npmjs.org/domhandler/-/domhandler-4.2.0.tgz#f9768a5f034be60a89a27c2e4d0f74eba0d8b059"
    integrity sha512-zk7sgt970kzPks2Bf+dwT/PLzghLnsivb9CcxkvR8Mzr66Olr0Ofd8neSbglHJHaHa2MadfoSdNlKYAaafmWfA==
    dependencies:
      domelementtype "^2.2.0"
  
  domutils@^2.5.2, domutils@^2.6.0, domutils@^2.7.0:
    version "2.7.0"
    resolved "https://registry.npmjs.org/domutils/-/domutils-2.7.0.tgz#8ebaf0c41ebafcf55b0b72ec31c56323712c5442"
    integrity sha512-8eaHa17IwJUPAiB+SoTYBo5mCdeMgdcAoXJ59m6DT1vw+5iLS3gNoqYaRowaBKtGVrOF1Jz4yDTgYKLK2kvfJg==
    dependencies:
      dom-serializer "^1.0.1"
      domelementtype "^2.2.0"
      domhandler "^4.2.0"
  
  ecc-jsbn@~0.1.1:
    version "0.1.2"
    resolved "https://registry.npmjs.org/ecc-jsbn/-/ecc-jsbn-0.1.2.tgz#3a83a904e54353287874c564b7549386849a98c9"
    integrity sha1-OoOpBOVDUyh4dMVkt1SThoSamMk=
    dependencies:
      jsbn "~0.1.0"
      safer-buffer "^2.1.0"
  
  emoji-regex@^8.0.0:
    version "8.0.0"
    resolved "https://registry.npmjs.org/emoji-regex/-/emoji-regex-8.0.0.tgz#e818fd69ce5ccfcb404594f842963bf53164cc37"
    integrity sha512-MSjYzcWNOA0ewAHpz0MxpYFvwg6yjy1NG3xteoqz644VCo/RPgnr1/GGt+ic3iJTzQ8Eu3TdM14SawnVUmGE6A==
  
  entities@^2.0.0:
    version "2.2.0"
    resolved "https://registry.npmjs.org/entities/-/entities-2.2.0.tgz#098dc90ebb83d8dffa089d55256b351d34c4da55"
    integrity sha512-p92if5Nz619I0w+akJrLZH0MX0Pb5DX39XOwQTtXSdQQOaYH03S1uIQp4mhOZtAXrxq4ViO67YTiLBo2638o9A==
  
  err@^1.1.1:
    version "1.1.1"
    resolved "https://registry.npmjs.org/err/-/err-1.1.1.tgz#eb928e2e11a316648f782833d0f97258ba43c2f8"
    integrity sha1-65KOLhGjFmSPeCgz0PlyWLpDwvg=
    dependencies:
      typpy "^2.2.0"
  
  escape-string-regexp@^1.0.5:
    version "1.0.5"
    resolved "https://registry.npmjs.org/escape-string-regexp/-/escape-string-regexp-1.0.5.tgz#1b61c0562190a8dff6ae3bb2cf0200ca130b86d4"
    integrity sha1-G2HAViGQqN/2rjuyzwIAyhMLhtQ=
  
  exif-parser@^0.1.12:
    version "0.1.12"
    resolved "https://registry.npmjs.org/exif-parser/-/exif-parser-0.1.12.tgz#58a9d2d72c02c1f6f02a0ef4a9166272b7760922"
    integrity sha1-WKnS1ywCwfbwKg70qRZicrd2CSI=
  
  extend@~3.0.2:
    version "3.0.2"
    resolved "https://registry.npmjs.org/extend/-/extend-3.0.2.tgz#f8b1136b4071fbd8eb140aff858b1019ec2915fa"
    integrity sha512-fjquC59cD7CyW6urNXK0FBufkZcoiGG80wTuPujX590cB5Ttln20E2UB4S/WARVqhXffZl2LNgS+gQdPIIim/g==
  
  external-editor@^3.0.3:
    version "3.1.0"
    resolved "https://registry.npmjs.org/external-editor/-/external-editor-3.1.0.tgz#cb03f740befae03ea4d283caed2741a83f335495"
    integrity sha512-hMQ4CX1p1izmuLYyZqLMO/qGNw10wSv9QDCPfzXfyFrOaCSSoRfqE1Kf1s5an66J5JZC62NewG+mK49jOCtQew==
    dependencies:
      chardet "^0.7.0"
      iconv-lite "^0.4.24"
      tmp "^0.0.33"
  
  extsprintf@1.3.0:
    version "1.3.0"
    resolved "https://registry.npmjs.org/extsprintf/-/extsprintf-1.3.0.tgz#96918440e3041a7a414f8c52e3c574eb3c3e1e05"
    integrity sha1-lpGEQOMEGnpBT4xS48V06zw+HgU=
  
  extsprintf@^1.2.0:
    version "1.4.0"
    resolved "https://registry.npmjs.org/extsprintf/-/extsprintf-1.4.0.tgz#e2689f8f356fad62cca65a3a91c5df5f9551692f"
    integrity sha1-4mifjzVvrWLMplo6kcXfX5VRaS8=
  
  eyes@0.1.x:
    version "0.1.8"
    resolved "https://registry.npmjs.org/eyes/-/eyes-0.1.8.tgz#62cf120234c683785d902348a800ef3e0cc20bc0"
    integrity sha1-Ys8SAjTGg3hdkCNIqADvPgzCC8A=
  
  fast-deep-equal@^3.1.1:
    version "3.1.3"
    resolved "https://registry.npmjs.org/fast-deep-equal/-/fast-deep-equal-3.1.3.tgz#3a7d56b559d6cbc3eb512325244e619a65c6c525"
    integrity sha512-f3qQ9oQy9j2AhBe/H9VC91wLmKBCCU/gDOnKNAYG5hswO7BLKj09Hc5HYNz9cGI++xlpDCIgDaitVs03ATR84Q==
  
  fast-json-stable-stringify@^2.0.0:
    version "2.1.0"
    resolved "https://registry.npmjs.org/fast-json-stable-stringify/-/fast-json-stable-stringify-2.1.0.tgz#874bf69c6f404c2b5d99c481341399fd55892633"
    integrity sha512-lhd/wF+Lk98HZoTCtlVraHtfh5XYijIjalXck7saUtuanSDyLMxnHhSXEDJqHxD7msR8D0uCmqlkwjCV8xvwHw==
  
  figures@^3.0.0:
    version "3.2.0"
    resolved "https://registry.npmjs.org/figures/-/figures-3.2.0.tgz#625c18bd293c604dc4a8ddb2febf0c88341746af"
    integrity sha512-yaduQFRKLXYOGgEn6AZau90j3ggSOyiqXU0F9JZfeXYhNa+Jk4X+s45A2zg5jns87GAFa34BBm2kXw4XpNcbdg==
    dependencies:
      escape-string-regexp "^1.0.5"
  
  file-type@^9.0.0:
    version "9.0.0"
    resolved "https://registry.npmjs.org/file-type/-/file-type-9.0.0.tgz#a68d5ad07f486414dfb2c8866f73161946714a18"
    integrity sha512-Qe/5NJrgIOlwijpq3B7BEpzPFcgzggOTagZmkXQY4LA6bsXKTUstK7Wp12lEJ/mLKTpvIZxmIuRcLYWT6ov9lw==
  
  fixed-or-percent@^1.0.0:
    version "1.0.12"
    resolved "https://registry.npmjs.org/fixed-or-percent/-/fixed-or-percent-1.0.12.tgz#fe41e6d5bac9324c4b43d74254109a872825c6e2"
    integrity sha512-r4qyzK3pkFHXBn+TYFbHpPKySq5PMejvmnAllScb75SERp3egiK7TVgTe8sgtnMvO/thhVcwz2Ah9Qo/xjmYBQ==
    dependencies:
      is-percent "^1.0.1"
      percent-value "^1.0.0"
  
  flat-colors@3.0.0:
    version "3.0.0"
    resolved "https://registry.npmjs.org/flat-colors/-/flat-colors-3.0.0.tgz#253ab1a23989c321f13b0acd4bf73fff4072ecb7"
    integrity sha1-JTqxojmJwyHxOwrNS/c//0By7Lc=
  
  follow-redirects@^1.10.0, follow-redirects@^1.4.1:
    version "1.14.1"
    resolved "https://registry.npmjs.org/follow-redirects/-/follow-redirects-1.14.1.tgz#d9114ded0a1cfdd334e164e6662ad02bfd91ff43"
    integrity sha512-HWqDgT7ZEkqRzBvc2s64vSZ/hfOceEol3ac/7tKwzuvEyWx3/4UegXh5oBOIotkGsObyk3xznnSRVADBgWSQVg==
  
  forever-agent@~0.6.1:
    version "0.6.1"
    resolved "https://registry.npmjs.org/forever-agent/-/forever-agent-0.6.1.tgz#fbc71f0c41adeb37f96c577ad1ed42d8fdacca91"
    integrity sha1-+8cfDEGt6zf5bFd60e1C2P2sypE=
  
  form-data@~2.3.2:
    version "2.3.3"
    resolved "https://registry.npmjs.org/form-data/-/form-data-2.3.3.tgz#dcce52c05f644f298c6a7ab936bd724ceffbf3a6"
    integrity sha512-1lLKB2Mu3aGP1Q/2eCOx0fNbRMe7XdwktwOruhfqqd0rIJWwN4Dh+E3hrPSlDCXnSR7UtZ1N38rVXm+6+MEhJQ==
    dependencies:
      asynckit "^0.4.0"
      combined-stream "^1.0.6"
      mime-types "^2.1.12"
  
  fs.realpath@^1.0.0:
    version "1.0.0"
    resolved "https://registry.npmjs.org/fs.realpath/-/fs.realpath-1.0.0.tgz#1504ad2523158caa40db4a2787cb01411994ea4f"
    integrity sha1-FQStJSMVjKpA20onh8sBQRmU6k8=
  
  function.name@^1.0.3:
    version "1.0.13"
    resolved "https://registry.npmjs.org/function.name/-/function.name-1.0.13.tgz#eef045abc4b5ff4e3e9d001a53ce14e090c971c6"
    integrity sha512-mVrqdoy5npWZyoXl4DxCeuVF6delDcQjVS9aPdvLYlBxtMTZDR2B5GVEQEoM1jJyspCqg3C0v4ABkLE7tp9xFA==
    dependencies:
      noop6 "^1.0.1"
  
  getpass@^0.1.1:
    version "0.1.7"
    resolved "https://registry.npmjs.org/getpass/-/getpass-0.1.7.tgz#5eff8e3e684d569ae4cb2b1282604e8ba62149fa"
    integrity sha1-Xv+OPmhNVprkyysSgmBOi6YhSfo=
    dependencies:
      assert-plus "^1.0.0"
  
  glob@^7.1.3:
    version "7.1.7"
    resolved "https://registry.npmjs.org/glob/-/glob-7.1.7.tgz#3b193e9233f01d42d0b3f78294bbeeb418f94a90"
    integrity sha512-OvD9ENzPLbegENnYP5UUfJIirTg4+XwMWGaQfQTY0JenxNvvIKP3U3/tAQSPIu/lHxXYSZmpXlUHeqAIdKzBLQ==
    dependencies:
      fs.realpath "^1.0.0"
      inflight "^1.0.4"
      inherits "2"
      minimatch "^3.0.4"
      once "^1.3.0"
      path-is-absolute "^1.0.0"
  
  global@~4.4.0:
    version "4.4.0"
    resolved "https://registry.npmjs.org/global/-/global-4.4.0.tgz#3e7b105179006a323ed71aafca3e9c57a5cc6406"
    integrity sha512-wv/LAoHdRE3BeTGz53FAamhGlPLhlssK45usmGFThIi4XqnBmjKQ16u+RNbP7WvigRZDxUsM0J3gcQ5yicaL0w==
    dependencies:
      min-document "^2.19.0"
      process "^0.11.10"
  
  gm-installed@^1.0.0:
    version "1.0.10"
    resolved "https://registry.npmjs.org/gm-installed/-/gm-installed-1.0.10.tgz#38064432935764aacc3ae631651933551152c9f0"
    integrity sha512-1THgBqOSD0erV6BFKsGwzn90P1qGc9TFrGSm2f2BSjYE1peSiHVK09GFYPdwsSHQXYH6NEuqbAKij97Ok7ptDg==
    dependencies:
      prgm-installed "^1.0.1"
  
  gm-tools@^1.0.0:
    version "1.0.12"
    resolved "https://registry.npmjs.org/gm-tools/-/gm-tools-1.0.12.tgz#a660c1a86ab7088a483b09a464c0690e63cb84e0"
    integrity sha512-7LKCMGiAQkmyeCoABd+2VzZHF5aLpFZlWzyhApP9cmRREQ/HHBb9N04O97G1CY1Bbc8+qTl8Y80GcUsJK9vImQ==
    dependencies:
      gm "^1.23.1"
      iterate-object "^1.3.1"
      pixel-class "^1.0.0"
      pngjs "^2.2.0"
      same-time "^2.3.1"
  
  gm@^1.23.1:
    version "1.23.1"
    resolved "https://registry.npmjs.org/gm/-/gm-1.23.1.tgz#2edeeb958084d0f8ea7988e5d995b1c7dfc14777"
    integrity sha1-Lt7rlYCE0PjqeYjl2ZWxx9/BR3c=
    dependencies:
      array-parallel "~0.1.3"
      array-series "~0.1.5"
      cross-spawn "^4.0.0"
      debug "^3.1.0"
  
  har-schema@^2.0.0:
    version "2.0.0"
    resolved "https://registry.npmjs.org/har-schema/-/har-schema-2.0.0.tgz#a94c2224ebcac04782a0d9035521f24735b7ec92"
    integrity sha1-qUwiJOvKwEeCoNkDVSHyRzW37JI=
  
  har-validator@~5.1.3:
    version "5.1.5"
    resolved "https://registry.npmjs.org/har-validator/-/har-validator-5.1.5.tgz#1f0803b9f8cb20c0fa13822df1ecddb36bde1efd"
    integrity sha512-nmT2T0lljbxdQZfspsno9hgrG3Uir6Ks5afism62poxqBM6sDnMEuPmzTq8XN0OEwqKLLdh1jQI3qyE66Nzb3w==
    dependencies:
      ajv "^6.12.3"
      har-schema "^2.0.0"
  
  has-flag@^1.0.0:
    version "1.0.0"
    resolved "https://registry.npmjs.org/has-flag/-/has-flag-1.0.0.tgz#9d9e793165ce017a00f00418c43f942a7b1d11fa"
    integrity sha1-nZ55MWXOAXoA8AQYxD+UKnsdEfo=
  
  has-flag@^4.0.0:
    version "4.0.0"
    resolved "https://registry.npmjs.org/has-flag/-/has-flag-4.0.0.tgz#944771fd9c81c81265c4d6941860da06bb59479b"
    integrity sha512-EykJT/Q1KjTWctppgIAgfSO0tKVuZUjhgMr17kqTumMl6Afv3EISleU7qZUzoXDFTAHTDC4NOoG/ZxU3EvlMPQ==
  
  htmlparser2@^6.1.0:
    version "6.1.0"
    resolved "https://registry.npmjs.org/htmlparser2/-/htmlparser2-6.1.0.tgz#c4d762b6c3371a05dbe65e94ae43a9f845fb8fb7"
    integrity sha512-gyyPk6rgonLFEDGoeRgQNaEUvdJ4ktTmmUh/h2t7s+M8oPpIPxgNACWa+6ESR57kXstwqPiCut0V8NRpcwgU7A==
    dependencies:
      domelementtype "^2.0.1"
      domhandler "^4.0.0"
      domutils "^2.5.2"
      entities "^2.0.0"
  
  http-signature@~1.2.0:
    version "1.2.0"
    resolved "https://registry.npmjs.org/http-signature/-/http-signature-1.2.0.tgz#9aecd925114772f3d95b65a60abb8f7c18fbace1"
    integrity sha1-muzZJRFHcvPZW2WmCruPfBj7rOE=
    dependencies:
      assert-plus "^1.0.0"
      jsprim "^1.2.2"
      sshpk "^1.7.0"
  
  i@0.3.x:
    version "0.3.6"
    resolved "https://registry.npmjs.org/i/-/i-0.3.6.tgz#d96c92732076f072711b6b10fd7d4f65ad8ee23d"
    integrity sha1-2WyScyB28HJxG2sQ/X1PZa2O4j0=
  
  iconv-lite@^0.4.24:
    version "0.4.24"
    resolved "https://registry.npmjs.org/iconv-lite/-/iconv-lite-0.4.24.tgz#2022b4b25fbddc21d2f524974a474aafe733908b"
    integrity sha512-v3MXnZAcvnywkTUEZomIActle7RXXeedOR31wwl7VlyoXO4Qi9arvSenNQWne1TcRwhCL1HwLI21bEqdpj8/rA==
    dependencies:
      safer-buffer ">= 2.1.2 < 3"
  
  ieee754@^1.1.13:
    version "1.2.1"
    resolved "https://registry.npmjs.org/ieee754/-/ieee754-1.2.1.tgz#8eb7a10a63fff25d15a57b001586d177d1b0d352"
    integrity sha512-dcyqhDvX1C46lXZcVqCpK+FtMRQVdIMN6/Df5js2zouUsqG7I6sFxitIC+7KYK29KdXOLHdu9zL4sFnoVQnqaA==
  
  image-parser@^1.0.0:
    version "1.2.8"
    resolved "https://registry.npmjs.org/image-parser/-/image-parser-1.2.8.tgz#b2a2c4118cd096a900cfe6f02c08e06df0c1164f"
    integrity sha512-kOh01EC1ltKgnVgXdUsZJgjBhSOCLpgVh5TnNcQ5wJFZxi0J7XA0c+mjvMoKHN/sj69qmU4Y+UqRExkYtU6sFA==
    dependencies:
      cb-buffer "^2.0.0"
      err "^1.1.1"
      gm-tools "^1.0.0"
      lwipify "^2.0.0"
      noop6 "^1.0.4"
      pixel-class "^1.0.0"
  
  image-to-ascii@^3.0.13:
    version "3.0.13"
    resolved "https://registry.npmjs.org/image-to-ascii/-/image-to-ascii-3.0.13.tgz#fe55065605b6cd2d05ecaf3626051a2c9f240c5b"
    integrity sha512-rb8DgzWJ1FpA01PyU8832aapR7sVXuyPk+5fYKKQAxEosJebGULjCk37TSv9Qvrfdbk4AnRGB+HP8MsKaCOTRw==
    dependencies:
      asciify-pixel-matrix "^1.0.0"
      compute-size "^1.0.1"
      image-parser "^1.0.0"
      imgpx "^1.0.2"
      one-by-one "^3.1.0"
      terminal-char-width "^1.0.0"
      ul "^5.2.1"
  
  imgpx@^1.0.2:
    version "1.0.13"
    resolved "https://registry.npmjs.org/imgpx/-/imgpx-1.0.13.tgz#5e837dfeced2e34c5edb5cce1ff3674a8a18ee82"
    integrity sha512-TkSfwp2a8ZZt7lIk4HgMBY+PjIjoh0Ggrr37R6KjF+D8RXq2FFNfGUhKuAicg7G9bF83oQGeN/Yz/GFepWHxVA==
    dependencies:
      lwip-pixels "^1.0.0"
      lwipify "^2.0.0"
  
  inflight@^1.0.4:
    version "1.0.6"
    resolved "https://registry.npmjs.org/inflight/-/inflight-1.0.6.tgz#49bd6331d7d02d0c09bc910a1075ba8165b56df9"
    integrity sha1-Sb1jMdfQLQwJvJEKEHW6gWW1bfk=
    dependencies:
      once "^1.3.0"
      wrappy "1"
  
  inherits@2, inherits@^2.0.3, inherits@^2.0.4:
    version "2.0.4"
    resolved "https://registry.npmjs.org/inherits/-/inherits-2.0.4.tgz#0fa2c64f932917c3433a0ded55363aae37416b7c"
    integrity sha512-k/vGaX4/Yla3WzyMCvTQOXYeIHvqOKtnqBduzTHpzpQZzAskKMhZ2K+EnBiSM9zGSoIFeMpXKxa4dYeZIQqewQ==
  
  inquirer@^8.1.0:
    version "8.1.0"
    resolved "https://registry.npmjs.org/inquirer/-/inquirer-8.1.0.tgz#68ce5ce5376cf0e89765c993d8b7c1e62e184d69"
    integrity sha512-1nKYPoalt1vMBfCMtpomsUc32wmOoWXAoq3kM/5iTfxyQ2f/BxjixQpC+mbZ7BI0JUXHED4/XPXekDVtJNpXYw==
    dependencies:
      ansi-escapes "^4.2.1"
      chalk "^4.1.1"
      cli-cursor "^3.1.0"
      cli-width "^3.0.0"
      external-editor "^3.0.3"
      figures "^3.0.0"
      lodash "^4.17.21"
      mute-stream "0.0.8"
      ora "^5.3.0"
      run-async "^2.4.0"
      rxjs "^6.6.6"
      string-width "^4.1.0"
      strip-ansi "^6.0.0"
      through "^2.3.6"
  
  is-fullwidth-code-point@^3.0.0:
    version "3.0.0"
    resolved "https://registry.npmjs.org/is-fullwidth-code-point/-/is-fullwidth-code-point-3.0.0.tgz#f116f8064fe90b3f7844a38997c0b75051269f1d"
    integrity sha512-zymm5+u+sCsSWyD9qNaejV3DFvhCKclKdizYaJUuHA83RLjb7nSuGnddCHGv0hk+KY7BMAlsWeK4Ueg6EV6XQg==
  
  is-function@^1.0.1:
    version "1.0.2"
    resolved "https://registry.npmjs.org/is-function/-/is-function-1.0.2.tgz#4f097f30abf6efadac9833b17ca5dc03f8144e08"
    integrity sha512-lw7DUp0aWXYg+CBCN+JKkcE0Q2RayZnSvnZBlwgxHBQhqt5pZNVy4Ri7H9GmmXkdu7LUthszM+Tor1u/2iBcpQ==
  
  is-interactive@^1.0.0:
    version "1.0.0"
    resolved "https://registry.npmjs.org/is-interactive/-/is-interactive-1.0.0.tgz#cea6e6ae5c870a7b0a0004070b7b587e0252912e"
    integrity sha512-2HvIEKRoqS62guEC+qBjpvRubdX910WCMuJTZ+I9yvqKU2/12eSL549HMwtabb4oupdj2sMP50k+XJfB/8JE6w==
  
  is-percent@^1.0.1:
    version "1.0.12"
    resolved "https://registry.npmjs.org/is-percent/-/is-percent-1.0.12.tgz#3743344df55091f4aa30e75a94ced8849ad7565c"
    integrity sha512-hTBG43Dql3Im4kiSEQm3ciuESBuFdVmPRIq+M6srqhk/YsRoMWRn4ZTcpxDy/VJmMZTjC+Ui37qyoA5JoOLPUA==
    dependencies:
      last-char "^1.3.1"
  
  is-ssh@^1.3.0:
    version "1.3.3"
    resolved "https://registry.npmjs.org/is-ssh/-/is-ssh-1.3.3.tgz#7f133285ccd7f2c2c7fc897b771b53d95a2b2c7e"
    integrity sha512-NKzJmQzJfEEma3w5cJNcUMxoXfDjz0Zj0eyCalHn2E6VOwlzjZo0yuO2fcBSf8zhFuVCL/82/r5gRcoi6aEPVQ==
    dependencies:
      protocols "^1.1.0"
  
  is-typedarray@~1.0.0:
    version "1.0.0"
    resolved "https://registry.npmjs.org/is-typedarray/-/is-typedarray-1.0.0.tgz#e479c80858df0c1b11ddda6940f96011fcda4a9a"
    integrity sha1-5HnICFjfDBsR3dppQPlgEfzaSpo=
  
  is-unicode-supported@^0.1.0:
    version "0.1.0"
    resolved "https://registry.npmjs.org/is-unicode-supported/-/is-unicode-supported-0.1.0.tgz#3f26c76a809593b52bfa2ecb5710ed2779b522a7"
    integrity sha512-knxG2q4UC3u8stRGyAVJCOdxFmv5DZiRcdlIaAQXAbSfJya+OhopNotLQrstBhququ4ZpuKbDc/8S6mgXgPFPw==
  
  is-windows@^0.1.1:
    version "0.1.1"
    resolved "https://registry.npmjs.org/is-windows/-/is-windows-0.1.1.tgz#be310715431cfabccc54ab3951210fa0b6d01abe"
    integrity sha1-vjEHFUMc+rzMVKs5USEPoLbQGr4=
  
  isexe@^2.0.0:
    version "2.0.0"
    resolved "https://registry.npmjs.org/isexe/-/isexe-2.0.0.tgz#e8fbf374dc556ff8947a10dcb0572d633f2cfa10"
    integrity sha1-6PvzdNxVb/iUehDcsFctYz8s+hA=
  
  isstream@0.1.x, isstream@~0.1.2:
    version "0.1.2"
    resolved "https://registry.npmjs.org/isstream/-/isstream-0.1.2.tgz#47e63f7af55afa6f92e1500e690eb8b8529c099a"
    integrity sha1-R+Y/evVa+m+S4VAOaQ64uFKcCZo=
  
  iterate-object@^1.3.0, iterate-object@^1.3.1:
    version "1.3.4"
    resolved "https://registry.npmjs.org/iterate-object/-/iterate-object-1.3.4.tgz#fa50b1d9e58e340a7dd6b4c98c8a5e182e790096"
    integrity sha512-4dG1D1x/7g8PwHS9aK6QV5V94+ZvyP4+d19qDv43EzImmrndysIl4prmJ1hWWIGCqrZHyaHBm6BSEWHOLnpoNw==
  
  jimp@^0.10.3:
    version "0.10.3"
    resolved "https://registry.npmjs.org/jimp/-/jimp-0.10.3.tgz#285027b49eee3418259a8e1e9a20dd078cf8b7b1"
    integrity sha512-meVWmDMtyUG5uYjFkmzu0zBgnCvvxwWNi27c4cg55vWNVC9ES4Lcwb+ogx+uBBQE3Q+dLKjXaLl0JVW+nUNwbQ==
    dependencies:
      "@babel/runtime" "^7.7.2"
      "@jimp/custom" "^0.10.3"
      "@jimp/plugins" "^0.10.3"
      "@jimp/types" "^0.10.3"
      core-js "^3.4.1"
      regenerator-runtime "^0.13.3"
  
  jpeg-js@^0.3.4:
    version "0.3.7"
    resolved "https://registry.npmjs.org/jpeg-js/-/jpeg-js-0.3.7.tgz#471a89d06011640592d314158608690172b1028d"
    integrity sha512-9IXdWudL61npZjvLuVe/ktHiA41iE8qFyLB+4VDTblEsWBzeg8WQTlktdUK4CdncUqtUgUg0bbOmTE2bKBKaBQ==
  
  jsbn@~0.1.0:
    version "0.1.1"
    resolved "https://registry.npmjs.org/jsbn/-/jsbn-0.1.1.tgz#a5e654c2e5a2deb5f201d96cefbca80c0ef2f513"
    integrity sha1-peZUwuWi3rXyAdls77yoDA7y9RM=
  
  json-schema-traverse@^0.4.1:
    version "0.4.1"
    resolved "https://registry.npmjs.org/json-schema-traverse/-/json-schema-traverse-0.4.1.tgz#69f6a87d9513ab8bb8fe63bdb0979c448e684660"
    integrity sha512-xbbCH5dCYU5T8LcEhhuh7HJ88HXuW3qsI3Y0zOZFKfZEHcpWiHU/Jxzk629Brsab/mMiHQti9wMP+845RPe3Vg==
  
  json-schema@0.2.3:
    version "0.2.3"
    resolved "https://registry.npmjs.org/json-schema/-/json-schema-0.2.3.tgz#b480c892e59a2f05954ce727bd3f2a4e882f9e13"
    integrity sha1-tIDIkuWaLwWVTOcnvT8qTogvnhM=
  
  json-stringify-safe@~5.0.1:
    version "5.0.1"
    resolved "https://registry.npmjs.org/json-stringify-safe/-/json-stringify-safe-5.0.1.tgz#1296a2d58fd45f19a0f6ce01d65701e2c735b6eb"
    integrity sha1-Epai1Y/UXxmg9s4B1lcB4sc1tus=
  
  jsprim@^1.2.2:
    version "1.4.1"
    resolved "https://registry.npmjs.org/jsprim/-/jsprim-1.4.1.tgz#313e66bc1e5cc06e438bc1b7499c2e5c56acb6a2"
    integrity sha1-MT5mvB5cwG5Di8G3SZwuXFastqI=
    dependencies:
      assert-plus "1.0.0"
      extsprintf "1.3.0"
      json-schema "0.2.3"
      verror "1.10.0"
  
  keypress@^0.2.1, keypress@~0.2.1:
    version "0.2.1"
    resolved "https://registry.npmjs.org/keypress/-/keypress-0.2.1.tgz#1e80454250018dbad4c3fe94497d6e67b6269c77"
    integrity sha1-HoBFQlABjbrUw/6USX1uZ7YmnHc=
  
  last-char@^1.3.1:
    version "1.3.11"
    resolved "https://registry.npmjs.org/last-char/-/last-char-1.3.11.tgz#448b014e96f97a9274bb616c07d4292e204c8a44"
    integrity sha512-Thgr0MN085/Eo1UulZKOJy+HMoXSbw9CZ2iPqVxr6nFoIAUo6pkVc25wEU0A8cAz22wv2ZEPrlxhnguBmQ0CPA==
  
  load-bmfont@^1.3.1, load-bmfont@^1.4.0:
    version "1.4.1"
    resolved "https://registry.npmjs.org/load-bmfont/-/load-bmfont-1.4.1.tgz#c0f5f4711a1e2ccff725a7b6078087ccfcddd3e9"
    integrity sha512-8UyQoYmdRDy81Brz6aLAUhfZLwr5zV0L3taTQ4hju7m6biuwiWiJXjPhBJxbUQJA8PrkvJ/7Enqmwk2sM14soA==
    dependencies:
      buffer-equal "0.0.1"
      mime "^1.3.4"
      parse-bmfont-ascii "^1.0.3"
      parse-bmfont-binary "^1.0.5"
      parse-bmfont-xml "^1.1.4"
      phin "^2.9.1"
      xhr "^2.0.1"
      xtend "^4.0.0"
  
  lodash@^4.17.21:
    version "4.17.21"
    resolved "https://registry.npmjs.org/lodash/-/lodash-4.17.21.tgz#679591c564c3bffaae8454cf0b3df370c3d6911c"
    integrity sha512-v2kDEe57lecTulaDIuNTPy3Ry4gLGJ6Z1O3vE1krgXZNrsQ+LFTGHVxVjcXPs17LhbZVGedAJv8XZ1tvj5FvSg==
  
  log-symbols@^4.1.0:
    version "4.1.0"
    resolved "https://registry.npmjs.org/log-symbols/-/log-symbols-4.1.0.tgz#3fbdbb95b4683ac9fc785111e792e558d4abd503"
    integrity sha512-8XPvpAA8uyhfteu8pIvQxpJZ7SYYdpUivZpGy6sFsBuKRY/7rQGavedeB8aK+Zkyq6upMFVL/9AW6vOYzfRyLg==
    dependencies:
      chalk "^4.1.0"
      is-unicode-supported "^0.1.0"
  
  lru-cache@^4.0.1:
    version "4.1.5"
    resolved "https://registry.npmjs.org/lru-cache/-/lru-cache-4.1.5.tgz#8bbe50ea85bed59bc9e33dcab8235ee9bcf443cd"
    integrity sha512-sWZlbEP2OsHNkXrMl5GYk/jKk70MBng6UU4YI/qGDYbgf6YbP4EvmqISbXCoJiRKs+1bSpFHVgQxvJ17F2li5g==
    dependencies:
      pseudomap "^1.0.2"
      yallist "^2.1.2"
  
  lwip-pixels@^1.0.0:
    version "1.1.10"
    resolved "https://registry.npmjs.org/lwip-pixels/-/lwip-pixels-1.1.10.tgz#ea99a34626dea06d3a50d4203471ef5fa709bc7d"
    integrity sha512-l71xSA39c1VF/Df3CKR2aTVK4G69FRFLjO+b0JhmsjraYLBydVy4utWUpKVG2ZnwIdr6tan9zZ5UrP1zKfCcIg==
    dependencies:
      pixel-class "^1.0.0"
  
  lwip2@^1.0.0:
    version "1.0.15"
    resolved "https://registry.npmjs.org/lwip2/-/lwip2-1.0.15.tgz#cd33dfea0864b9945fc8f511e468046ee620a56b"
    integrity sha512-ZZUsudB8PqvoED48F9yiulmhEwiJUfigCad4PVO0da6DlTAEuBNuwWyAQTPToEHYTfFyuY6sirpio7iSosJfNA==
    dependencies:
      err "^1.1.1"
      gm-installed "^1.0.0"
  
  lwipify@^2.0.0:
    version "2.0.13"
    resolved "https://registry.npmjs.org/lwipify/-/lwipify-2.0.13.tgz#dc28126d1ba1c723442ee35ef43fbdb4132fa8e1"
    integrity sha512-x8NfMa/Eo6FN3u61lngaPNYAj+4qj5vICyda+Z/BV62agagh4mgI9lLuDGaQSo99Z8hkAbzoSyibSVPSGDFIsw==
    dependencies:
      lwip2 "^1.0.0"
      noop6 "^1.0.1"
      tinyreq "^3.1.4"
      url-remote "^1.1.0"
  
  map-o@^2.0.1:
    version "2.0.10"
    resolved "https://registry.npmjs.org/map-o/-/map-o-2.0.10.tgz#b656a75cead939a936c338fb5df8c9d55f0dbb23"
    integrity sha512-BxazE81fVByHWasyXhqKeo2m7bFKYu+ZbEfiuexMOnklXW+tzDvnlTi/JaklEeuuwqcqJzPaf9q+TWptSGXeLg==
    dependencies:
      iterate-object "^1.3.0"
  
  mime-db@1.48.0:
    version "1.48.0"
    resolved "https://registry.npmjs.org/mime-db/-/mime-db-1.48.0.tgz#e35b31045dd7eada3aaad537ed88a33afbef2d1d"
    integrity sha512-FM3QwxV+TnZYQ2aRqhlKBMHxk10lTbMt3bBkMAp54ddrNeVSfcQYOOKuGuy3Ddrm38I04If834fOUSq1yzslJQ==
  
  mime-types@^2.1.12, mime-types@~2.1.19:
    version "2.1.31"
    resolved "https://registry.npmjs.org/mime-types/-/mime-types-2.1.31.tgz#a00d76b74317c61f9c2db2218b8e9f8e9c5c9e6b"
    integrity sha512-XGZnNzm3QvgKxa8dpzyhFTHmpP3l5YNusmne07VUOXxou9CqUqYa/HBy124RqtVh/O2pECas/MOcsDgpilPOPg==
    dependencies:
      mime-db "1.48.0"
  
  mime@^1.3.4:
    version "1.6.0"
    resolved "https://registry.npmjs.org/mime/-/mime-1.6.0.tgz#32cd9e5c64553bd58d19a568af452acff04981b1"
    integrity sha512-x0Vn8spI+wuJ1O6S7gnbaQg8Pxh4NNHb7KSINmEWKiPE4RKOplvijn+NkmYmmRgP68mc70j2EbeTFRsrswaQeg==
  
  mimic-fn@^2.1.0:
    version "2.1.0"
    resolved "https://registry.npmjs.org/mimic-fn/-/mimic-fn-2.1.0.tgz#7ed2c2ccccaf84d3ffcb7a69b57711fc2083401b"
    integrity sha512-OqbOk5oEQeAZ8WXWydlu9HJjz9WVdEIvamMCcXmuqUYjTknH/sqsWvhQ3vgwKFRR1HpjvNBKQ37nbJgYzGqGcg==
  
  min-document@^2.19.0:
    version "2.19.0"
    resolved "https://registry.npmjs.org/min-document/-/min-document-2.19.0.tgz#7bd282e3f5842ed295bb748cdd9f1ffa2c824685"
    integrity sha1-e9KC4/WELtKVu3SM3Z8f+iyCRoU=
    dependencies:
      dom-walk "^0.1.0"
  
  minimatch@^3.0.4:
    version "3.0.4"
    resolved "https://registry.npmjs.org/minimatch/-/minimatch-3.0.4.tgz#5166e286457f03306064be5497e8dbb0c3d32083"
    integrity sha512-yJHVQEhyqPLUTgt9B83PXu6W3rx4MvvHvSUvToogpwoGDOUQ+yDrR0HRot+yOCdCO7u4hX3pWft6kWBBcqh0UA==
    dependencies:
      brace-expansion "^1.1.7"
  
  minimist@^1.2.5:
    version "1.2.5"
    resolved "https://registry.npmjs.org/minimist/-/minimist-1.2.5.tgz#67d66014b66a6a8aaa0c083c5fd58df4e4e97602"
    integrity sha512-FM9nNUYrRBAELZQT3xeZQ7fmMOBg6nWNmJKTcgsJeaLstP/UODVpGsr5OhXhhXg6f+qtJ8uiZ+PUxkDWcgIXLw==
  
  mkdirp@0.x.x, mkdirp@^0.5.1:
    version "0.5.5"
    resolved "https://registry.npmjs.org/mkdirp/-/mkdirp-0.5.5.tgz#d91cefd62d1436ca0f41620e251288d420099def"
    integrity sha512-NKmAlESf6jMGym1++R0Ra7wvhV+wFW63FaSOFPwRahvea0gMUcGUhVeAg/0BC0wiv9ih5NYPB1Wn1UEI1/L+xQ==
    dependencies:
      minimist "^1.2.5"
  
  ms@^2.1.1:
    version "2.1.3"
    resolved "https://registry.npmjs.org/ms/-/ms-2.1.3.tgz#574c8138ce1d2b5861f0b44579dbadd60c6615b2"
    integrity sha512-6FlzubTLZG3J2a/NVCAleEhjzq5oxgHyaCU9yYXvcLsvoVaHJq/s5xXI6/XXP6tz7R9xAOtHnSO/tXtF3WRTlA==
  
  mute-stream@0.0.8, mute-stream@~0.0.4:
    version "0.0.8"
    resolved "https://registry.npmjs.org/mute-stream/-/mute-stream-0.0.8.tgz#1630c42b2251ff81e2a283de96a5497ea92e5e0d"
    integrity sha512-nnbWWOkoWyUsTjKrhgD0dcz22mdkSnpYqbEjIm2nhwhuxlSkpywJmBo8h0ZqJdkp73mb90SssHkN4rsRaBAfAA==
  
  ncp@1.0.x:
    version "1.0.1"
    resolved "https://registry.npmjs.org/ncp/-/ncp-1.0.1.tgz#d15367e5cb87432ba117d2bf80fdf45aecfb4246"
    integrity sha1-0VNn5cuHQyuhF9K/gP30Wuz7QkY=
  
  noop6@^1.0.0, noop6@^1.0.1, noop6@^1.0.4, noop6@^1.0.7:
    version "1.0.9"
    resolved "https://registry.npmjs.org/noop6/-/noop6-1.0.9.tgz#8749944c15c09f2cd2d562ac24f5a8341762a950"
    integrity sha512-DB3Hwyd89dPr5HqEPg3YHjzvwh/mCqizC1zZ8vyofqc+TQRyPDnT4wgXXbLGF4z9YAzwwTLi8pNLhGqcbSjgkA==
  
  nth-check@^2.0.0:
    version "2.0.0"
    resolved "https://registry.npmjs.org/nth-check/-/nth-check-2.0.0.tgz#1bb4f6dac70072fc313e8c9cd1417b5074c0a125"
    integrity sha512-i4sc/Kj8htBrAiH1viZ0TgU8Y5XqCaV/FziYK6TBczxmeKm3AEFWqqF3195yKudrarqy7Zu80Ra5dobFjn9X/Q==
    dependencies:
      boolbase "^1.0.0"
  
  oauth-sign@~0.9.0:
    version "0.9.0"
    resolved "https://registry.npmjs.org/oauth-sign/-/oauth-sign-0.9.0.tgz#47a7b016baa68b5fa0ecf3dee08a85c679ac6455"
    integrity sha512-fexhUFFPTGV8ybAtSIGbV6gOkSv8UtRbDBnAyLQw4QPKkgNlsH2ByPGtMUqdWkos6YCRmAqViwgZrJc/mRDzZQ==
  
  obj-def@^1.0.0:
    version "1.0.9"
    resolved "https://registry.npmjs.org/obj-def/-/obj-def-1.0.9.tgz#2e63708e91e425f11e60928db1d2d8549f6a95fa"
    integrity sha512-bQ4ya3VYD6FAA1+s6mEhaURRHSmw4+sKaXE6UyXZ1XDYc5D+c7look25dFdydmLd18epUegh398gdDkMUZI9xg==
    dependencies:
      deffy "^2.2.2"
  
  omggif@^1.0.9:
    version "1.0.10"
    resolved "https://registry.npmjs.org/omggif/-/omggif-1.0.10.tgz#ddaaf90d4a42f532e9e7cb3a95ecdd47f17c7b19"
    integrity sha512-LMJTtvgc/nugXj0Vcrrs68Mn2D1r0zf630VNtqtpI1FEO7e+O9FP4gqs9AcnBaSEeoHIPm28u6qgPR0oyEpGSw==
  
  once@^1.3.0:
    version "1.4.0"
    resolved "https://registry.npmjs.org/once/-/once-1.4.0.tgz#583b1aa775961d4b113ac17d9c50baef9dd76bd1"
    integrity sha1-WDsap3WWHUsROsF9nFC6753Xa9E=
    dependencies:
      wrappy "1"
  
  one-by-one@^3.1.0:
    version "3.2.8"
    resolved "https://registry.npmjs.org/one-by-one/-/one-by-one-3.2.8.tgz#9254afa210e816bbb298e2addf4c62927d8f5e6d"
    integrity sha512-HR/pSzZdm46Xqj58K+Bu64kMbSTw8/u77AwWvV+rprO/OsuR++pPlkUJn+SmwqBGRgHKwSKQ974V3uls7crIeQ==
    dependencies:
      obj-def "^1.0.0"
      sliced "^1.0.1"
  
  onetime@^5.1.0:
    version "5.1.2"
    resolved "https://registry.npmjs.org/onetime/-/onetime-5.1.2.tgz#d0e96ebb56b07476df1dd9c4806e5237985ca45e"
    integrity sha512-kbpaSSGJTWdAY5KPVeMOKXSrPtr8C8C7wodJbcsd51jRnmD+GZu8Y0VoU6Dm5Z4vWr0Ig/1NKuWRKf7j5aaYSg==
    dependencies:
      mimic-fn "^2.1.0"
  
  ora@^5.3.0:
    version "5.4.0"
    resolved "https://registry.npmjs.org/ora/-/ora-5.4.0.tgz#42eda4855835b9cd14d33864c97a3c95a3f56bf4"
    integrity sha512-1StwyXQGoU6gdjYkyVcqOLnVlbKj+6yPNNOxJVgpt9t4eksKjiriiHuxktLYkgllwk+D6MbC4ihH84L1udRXPg==
    dependencies:
      bl "^4.1.0"
      chalk "^4.1.0"
      cli-cursor "^3.1.0"
      cli-spinners "^2.5.0"
      is-interactive "^1.0.0"
      is-unicode-supported "^0.1.0"
      log-symbols "^4.1.0"
      strip-ansi "^6.0.0"
      wcwidth "^1.0.1"
  
  os-tmpdir@~1.0.2:
    version "1.0.2"
    resolved "https://registry.npmjs.org/os-tmpdir/-/os-tmpdir-1.0.2.tgz#bbe67406c79aa85c5cfec766fe5734555dfa1274"
    integrity sha1-u+Z0BseaqFxc/sdm/lc0VV36EnQ=
  
  pako@^1.0.5:
    version "1.0.11"
    resolved "https://registry.npmjs.org/pako/-/pako-1.0.11.tgz#6c9599d340d54dfd3946380252a35705a6b992bf"
    integrity sha512-4hLB8Py4zZce5s4yd9XzopqwVv/yGNhV1Bl8NTmCq1763HeK2+EwVTv+leGeL13Dnh2wfbqowVPXCIO0z4taYw==
  
  parse-bmfont-ascii@^1.0.3:
    version "1.0.6"
    resolved "https://registry.npmjs.org/parse-bmfont-ascii/-/parse-bmfont-ascii-1.0.6.tgz#11ac3c3ff58f7c2020ab22769079108d4dfa0285"
    integrity sha1-Eaw8P/WPfCAgqyJ2kHkQjU36AoU=
  
  parse-bmfont-binary@^1.0.5:
    version "1.0.6"
    resolved "https://registry.npmjs.org/parse-bmfont-binary/-/parse-bmfont-binary-1.0.6.tgz#d038b476d3e9dd9db1e11a0b0e53a22792b69006"
    integrity sha1-0Di0dtPp3Z2x4RoLDlOiJ5K2kAY=
  
  parse-bmfont-xml@^1.1.4:
    version "1.1.4"
    resolved "https://registry.npmjs.org/parse-bmfont-xml/-/parse-bmfont-xml-1.1.4.tgz#015319797e3e12f9e739c4d513872cd2fa35f389"
    integrity sha512-bjnliEOmGv3y1aMEfREMBJ9tfL3WR0i0CKPj61DnSLaoxWR3nLrsQrEbCId/8rF4NyRF0cCqisSVXyQYWM+mCQ==
    dependencies:
      xml-parse-from-string "^1.0.0"
      xml2js "^0.4.5"
  
  parse-headers@^2.0.0:
    version "2.0.3"
    resolved "https://registry.npmjs.org/parse-headers/-/parse-headers-2.0.3.tgz#5e8e7512383d140ba02f0c7aa9f49b4399c92515"
    integrity sha512-QhhZ+DCCit2Coi2vmAKbq5RGTRcQUOE2+REgv8vdyu7MnYx2eZztegqtTx99TZ86GTIwqiy3+4nQTWZ2tgmdCA==
  
  parse-url@^1.3.0:
    version "1.3.11"
    resolved "https://registry.npmjs.org/parse-url/-/parse-url-1.3.11.tgz#57c15428ab8a892b1f43869645c711d0e144b554"
    integrity sha1-V8FUKKuKiSsfQ4aWRccR0OFEtVQ=
    dependencies:
      is-ssh "^1.3.0"
      protocols "^1.4.0"
  
  parse5-htmlparser2-tree-adapter@^6.0.1:
    version "6.0.1"
    resolved "https://registry.npmjs.org/parse5-htmlparser2-tree-adapter/-/parse5-htmlparser2-tree-adapter-6.0.1.tgz#2cdf9ad823321140370d4dbf5d3e92c7c8ddc6e6"
    integrity sha512-qPuWvbLgvDGilKc5BoicRovlT4MtYT6JfJyBOMDsKoiT+GiuP5qyrPCnR9HcPECIJJmZh5jRndyNThnhhb/vlA==
    dependencies:
      parse5 "^6.0.1"
  
  parse5@^6.0.1:
    version "6.0.1"
    resolved "https://registry.npmjs.org/parse5/-/parse5-6.0.1.tgz#e1a1c085c569b3dc08321184f19a39cc27f7c30b"
    integrity sha512-Ofn/CTFzRGTTxwpNEs9PP93gXShHcTq255nzRYSKe8AkVpZY7e1fpmTfOyoIvjP5HG7Z2ZM7VS9PPhQGW2pOpw==
  
  path-is-absolute@^1.0.0:
    version "1.0.1"
    resolved "https://registry.npmjs.org/path-is-absolute/-/path-is-absolute-1.0.1.tgz#174b9268735534ffbc7ace6bf53a5a9e1b5c5f5f"
    integrity sha1-F0uSaHNVNP+8es5r9TpanhtcX18=
  
  percent-value@^1.0.0:
    version "1.0.9"
    resolved "https://registry.npmjs.org/percent-value/-/percent-value-1.0.9.tgz#bcff03d2f8a94e35832174a4b23a594bfb776a07"
    integrity sha512-AJwr9o+GRtRzbuMPkPBlivc79g6WGz1R0OzeBpUroMWxAxDv6FDi4/NTyPd6TWVxdhG7NACcZpnOaz5vDGRhCw==
  
  performance-now@^2.1.0:
    version "2.1.0"
    resolved "https://registry.npmjs.org/performance-now/-/performance-now-2.1.0.tgz#6309f4e0e5fa913ec1c69307ae364b4b377c9e7b"
    integrity sha1-Ywn04OX6kT7BxpMHrjZLSzd8nns=
  
  phin@^2.9.1:
    version "2.9.3"
    resolved "https://registry.npmjs.org/phin/-/phin-2.9.3.tgz#f9b6ac10a035636fb65dfc576aaaa17b8743125c"
    integrity sha512-CzFr90qM24ju5f88quFC/6qohjC144rehe5n6DH900lgXmUe86+xCKc10ev56gRKC4/BkHUoG4uSiQgBiIXwDA==
  
  pixel-bg@^1.0.0:
    version "1.0.10"
    resolved "https://registry.npmjs.org/pixel-bg/-/pixel-bg-1.0.10.tgz#7a0d1b5707ab9333bc9c1ca19546e9d0ec4e4f56"
    integrity sha512-9+ADtdmy3xiza6pZOl5XxAZC4PxxsoG9Te8B7+QJTHVtusRZsbYXCDj4Y/uoKFfVbbn8PwBNfAppPs0fHgu81w==
    dependencies:
      pixel-class "^1.0.0"
  
  pixel-class@^1.0.0:
    version "1.0.9"
    resolved "https://registry.npmjs.org/pixel-class/-/pixel-class-1.0.9.tgz#0f88ee3fbd7599931effb09daebb9cbbe3fcb1c7"
    integrity sha512-AAf8MJe3O/wa76ptHtU9Q1JNNizUHro++o2AeRR1XyS1EPX+xjLTPjVDlLToTDCPFrOJgyOyK5TNgCPbSCl4gg==
    dependencies:
      deffy "^2.2.1"
  
  pixel-white-bg@^1.0.0:
    version "1.0.9"
    resolved "https://registry.npmjs.org/pixel-white-bg/-/pixel-white-bg-1.0.9.tgz#930decd455abf9841e7385ad9f4dc77ae5fa5d78"
    integrity sha512-XiqUYxOC9L0CCr3SuOr2DBpshFVsyuma98bREdk2O92FPhmlBJ9wkWtRqL7eAraCf2/BYDPEL4TjbVMVQNBucw==
    dependencies:
      pixel-bg "^1.0.0"
  
  pixelmatch@^4.0.2:
    version "4.0.2"
    resolved "https://registry.npmjs.org/pixelmatch/-/pixelmatch-4.0.2.tgz#8f47dcec5011b477b67db03c243bc1f3085e8854"
    integrity sha1-j0fc7FARtHe2fbA8JDvB8wheiFQ=
    dependencies:
      pngjs "^3.0.0"
  
  pngjs@^2.2.0:
    version "2.3.1"
    resolved "https://registry.npmjs.org/pngjs/-/pngjs-2.3.1.tgz#11d1e12b9cb64d63e30c143a330f4c1f567da85f"
    integrity sha1-EdHhK5y2TWPjDBQ6Mw9MH1Z9qF8=
  
  pngjs@^3.0.0, pngjs@^3.3.3:
    version "3.4.0"
    resolved "https://registry.npmjs.org/pngjs/-/pngjs-3.4.0.tgz#99ca7d725965fb655814eaf65f38f12bbdbf555f"
    integrity sha512-NCrCHhWmnQklfH4MtJMRjZ2a8c80qXeMlQMv2uVp9ISJMTt562SbGd6n2oq0PaPgKm7Z6pL9E2UlLIhC+SHL3w==
  
  prgm-installed@^1.0.1:
    version "1.0.11"
    resolved "https://registry.npmjs.org/prgm-installed/-/prgm-installed-1.0.11.tgz#edee7f1dd1edec39f6fbca5e6eefa3d074070749"
    integrity sha512-hmDwovCNtzck+TwA7DdabpPTZCoORTj0PlKcID8gdRlPUNpfTNxRI1x11kpz1K/dXvtCCPMSUJGnYCkXPbZXVQ==
    dependencies:
      which "^1.2.4"
  
  process@^0.11.10:
    version "0.11.10"
    resolved "https://registry.npmjs.org/process/-/process-0.11.10.tgz#7332300e840161bda3e69a1d1d91a7d4bc16f182"
    integrity sha1-czIwDoQBYb2j5podHZGn1LwW8YI=
  
  prompt@^1.1.0:
    version "1.1.0"
    resolved "https://registry.npmjs.org/prompt/-/prompt-1.1.0.tgz#7ae829c6d39bbc6f9b1927f9861e9ac074744167"
    integrity sha512-ec1vUPXCplDBDUVD8uPa3XGA+OzLrO40Vxv3F1uxoiZGkZhdctlK2JotcHq5X6ExjocDOGwGdCSXloGNyU5L1Q==
    dependencies:
      colors "^1.1.2"
      read "1.0.x"
      revalidator "0.1.x"
      utile "0.3.x"
      winston "2.x"
  
  protocols@^1.1.0, protocols@^1.4.0:
    version "1.4.8"
    resolved "https://registry.npmjs.org/protocols/-/protocols-1.4.8.tgz#48eea2d8f58d9644a4a32caae5d5db290a075ce8"
    integrity sha512-IgjKyaUSjsROSO8/D49Ab7hP8mJgTYcqApOqdPhLoPxAplXmkp+zRvsrSQjFn5by0rhm4VH0GAUELIPpx7B1yg==
  
  pseudomap@^1.0.2:
    version "1.0.2"
    resolved "https://registry.npmjs.org/pseudomap/-/pseudomap-1.0.2.tgz#f052a28da70e618917ef0a8ac34c1ae5a68286b3"
    integrity sha1-8FKijacOYYkX7wqKw0wa5aaChrM=
  
  psl@^1.1.28:
    version "1.8.0"
    resolved "https://registry.npmjs.org/psl/-/psl-1.8.0.tgz#9326f8bcfb013adcc005fdff056acce020e51c24"
    integrity sha512-RIdOzyoavK+hA18OGGWDqUTsCLhtA7IcZ/6NCs4fFJaHBDab+pDDmDIByWFRQJq2Cd7r1OoQxBGKOaztq+hjIQ==
  
  punycode@^2.1.0, punycode@^2.1.1:
    version "2.1.1"
    resolved "https://registry.npmjs.org/punycode/-/punycode-2.1.1.tgz#b58b010ac40c22c5657616c8d2c2c02c7bf479ec"
    integrity sha512-XRsRjdf+j5ml+y/6GKHPZbrF/8p2Yga0JPtdqTIY2Xe5ohJPD9saDJJLPvp9+NSBprVvevdXZybnj2cv8OEd0A==
  
  qs@~6.5.2:
    version "6.5.2"
    resolved "https://registry.npmjs.org/qs/-/qs-6.5.2.tgz#cb3ae806e8740444584ef154ce8ee98d403f3e36"
    integrity sha512-N5ZAX4/LxJmF+7wN74pUD6qAh9/wnvdQcjq9TZjevvXzSUo7bfmw91saqMjzGS2xq91/odN2dW/WOl7qQHNDGA==
  
  read@1.0.x:
    version "1.0.7"
    resolved "https://registry.npmjs.org/read/-/read-1.0.7.tgz#b3da19bd052431a97671d44a42634adf710b40c4"
    integrity sha1-s9oZvQUkMal2cdRKQmNK33ELQMQ=
    dependencies:
      mute-stream "~0.0.4"
  
  readable-stream@^3.4.0:
    version "3.6.0"
    resolved "https://registry.npmjs.org/readable-stream/-/readable-stream-3.6.0.tgz#337bbda3adc0706bd3e024426a286d4b4b2c9198"
    integrity sha512-BViHy7LKeTz4oNnkcLJ+lVSL6vpiFeX6/d3oSH8zCW7UxP2onchk+vTGB143xuFjHS3deTgkKoXXymXqymiIdA==
    dependencies:
      inherits "^2.0.3"
      string_decoder "^1.1.1"
      util-deprecate "^1.0.1"
  
  regenerator-runtime@^0.13.3, regenerator-runtime@^0.13.4:
    version "0.13.7"
    resolved "https://registry.npmjs.org/regenerator-runtime/-/regenerator-runtime-0.13.7.tgz#cac2dacc8a1ea675feaabaeb8ae833898ae46f55"
    integrity sha512-a54FxoJDIr27pgf7IgeQGxmqUNYrcV338lf/6gH456HZ/PhX+5BcwHXG9ajESmwe6WRO0tAzRUrRmNONWgkrew==
  
  request@^2.88.0:
    version "2.88.2"
    resolved "https://registry.npmjs.org/request/-/request-2.88.2.tgz#d73c918731cb5a87da047e207234146f664d12b3"
    integrity sha512-MsvtOrfG9ZcrOwAW+Qi+F6HbD0CWXEh9ou77uOb7FM2WPhwT7smM833PzanhJLsgXjN89Ir6V2PczXNnMpwKhw==
    dependencies:
      aws-sign2 "~0.7.0"
      aws4 "^1.8.0"
      caseless "~0.12.0"
      combined-stream "~1.0.6"
      extend "~3.0.2"
      forever-agent "~0.6.1"
      form-data "~2.3.2"
      har-validator "~5.1.3"
      http-signature "~1.2.0"
      is-typedarray "~1.0.0"
      isstream "~0.1.2"
      json-stringify-safe "~5.0.1"
      mime-types "~2.1.19"
      oauth-sign "~0.9.0"
      performance-now "^2.1.0"
      qs "~6.5.2"
      safe-buffer "^5.1.2"
      tough-cookie "~2.5.0"
      tunnel-agent "^0.6.0"
      uuid "^3.3.2"
  
  restore-cursor@^3.1.0:
    version "3.1.0"
    resolved "https://registry.npmjs.org/restore-cursor/-/restore-cursor-3.1.0.tgz#39f67c54b3a7a58cea5236d95cf0034239631f7e"
    integrity sha512-l+sSefzHpj5qimhFSE5a8nufZYAM3sBSVMAPtYkmC+4EH2anSGaEMXSD0izRQbu9nfyQ9y5JrVmp7E8oZrUjvA==
    dependencies:
      onetime "^5.1.0"
      signal-exit "^3.0.2"
  
  revalidator@0.1.x:
    version "0.1.8"
    resolved "https://registry.npmjs.org/revalidator/-/revalidator-0.1.8.tgz#fece61bfa0c1b52a206bd6b18198184bdd523a3b"
    integrity sha1-/s5hv6DBtSoga9axgZgYS91SOjs=
  
  rimraf@2.x.x:
    version "2.7.1"
    resolved "https://registry.npmjs.org/rimraf/-/rimraf-2.7.1.tgz#35797f13a7fdadc566142c29d4f07ccad483e3ec"
    integrity sha512-uWjbaKIK3T1OSVptzX7Nl6PvQ3qAGtKEtVRjRuazjfL3Bx5eI409VZSqgND+4UNnmzLVdPj9FqFJNPqBZFve4w==
    dependencies:
      glob "^7.1.3"
  
  run-async@^2.4.0:
    version "2.4.1"
    resolved "https://registry.npmjs.org/run-async/-/run-async-2.4.1.tgz#8440eccf99ea3e70bd409d49aab88e10c189a455"
    integrity sha512-tvVnVv01b8c1RrA6Ep7JkStj85Guv/YrMcwqYQnwjsAS2cTmmPGBBjAjpCW7RrSodNSoE2/qg9O4bceNvUuDgQ==
  
  rxjs@^6.6.6:
    version "6.6.7"
    resolved "https://registry.npmjs.org/rxjs/-/rxjs-6.6.7.tgz#90ac018acabf491bf65044235d5863c4dab804c9"
    integrity sha512-hTdwr+7yYNIT5n4AMYp85KA6yw2Va0FLa3Rguvbpa4W3I5xynaBZo41cM3XM+4Q6fRMj3sBYIR1VAmZMXYJvRQ==
    dependencies:
      tslib "^1.9.0"
  
  safe-buffer@^5.0.1, safe-buffer@^5.1.2, safe-buffer@~5.2.0:
    version "5.2.1"
    resolved "https://registry.npmjs.org/safe-buffer/-/safe-buffer-5.2.1.tgz#1eaf9fa9bdb1fdd4ec75f58f9cdb4e6b7827eec6"
    integrity sha512-rp3So07KcdmmKbGvgaNxQSJr7bGVSVk5S9Eq1F+ppbRo70+YeaDxkw5Dd8NPN+GD6bjnYm2VuPuCXmpuYvmCXQ==
  
  "safer-buffer@>= 2.1.2 < 3", safer-buffer@^2.0.2, safer-buffer@^2.1.0, safer-buffer@~2.1.0:
    version "2.1.2"
    resolved "https://registry.npmjs.org/safer-buffer/-/safer-buffer-2.1.2.tgz#44fa161b0187b9549dd84bb91802f9bd8385cd6a"
    integrity sha512-YZo3K82SD7Riyi0E1EQPojLz7kpepnSQI9IyPbHHg1XXXevb5dJI7tpyN2ADxGcQbHG7vcyRHk0cbwqcQriUtg==
  
  same-time@^2.3.1:
    version "2.3.5"
    resolved "https://registry.npmjs.org/same-time/-/same-time-2.3.5.tgz#d4f49f363d3d571508f5bc9554841f85f67b63f5"
    integrity sha512-SnVw4CihgrwwcZs38vqW1890OwilOQPnath+kQCX7Un+PfcjR52rThxPfuNpNEd3UrphL22/SleM7hcbiaJu1A==
    dependencies:
      deffy "2.0.0"
  
  sax@>=0.6.0:
    version "1.2.4"
    resolved "https://registry.npmjs.org/sax/-/sax-1.2.4.tgz#2816234e2378bddc4e5354fab5caa895df7100d9"
    integrity sha512-NqVDv9TpANUjFm0N8uM5GxL36UgKi9/atZw+x7YFnQ8ckwFGKrl4xX4yWtrey3UJm5nP1kUbnYgLopqWNSRhWw==
  
  signal-exit@^3.0.2:
    version "3.0.3"
    resolved "https://registry.npmjs.org/signal-exit/-/signal-exit-3.0.3.tgz#a1410c2edd8f077b08b4e253c8eacfcaf057461c"
    integrity sha512-VUJ49FC8U1OxwZLxIbTTrDvLnf/6TDgxZcK8wxR8zs13xpx7xbG60ndBlhNrFi2EMuFRoeDoJO7wthSLq42EjA==
  
  sliced@^1.0.1:
    version "1.0.1"
    resolved "https://registry.npmjs.org/sliced/-/sliced-1.0.1.tgz#0b3a662b5d04c3177b1926bea82b03f837a2ef41"
    integrity sha1-CzpmK10Ewxd7GSa+qCsD+Dei70E=
  
  sshpk@^1.7.0:
    version "1.16.1"
    resolved "https://registry.npmjs.org/sshpk/-/sshpk-1.16.1.tgz#fb661c0bef29b39db40769ee39fa70093d6f6877"
    integrity sha512-HXXqVUq7+pcKeLqqZj6mHFUMvXtOJt1uoUx09pFW6011inTMxqI8BA8PM95myrIyyKwdnzjdFjLiE6KBPVtJIg==
    dependencies:
      asn1 "~0.2.3"
      assert-plus "^1.0.0"
      bcrypt-pbkdf "^1.0.0"
      dashdash "^1.12.0"
      ecc-jsbn "~0.1.1"
      getpass "^0.1.1"
      jsbn "~0.1.0"
      safer-buffer "^2.0.2"
      tweetnacl "~0.14.0"
  
  stack-trace@0.0.x:
    version "0.0.10"
    resolved "https://registry.npmjs.org/stack-trace/-/stack-trace-0.0.10.tgz#547c70b347e8d32b4e108ea1a2a159e5fdde19c0"
    integrity sha1-VHxws0fo0ytOEI6hoqFZ5f3eGcA=
  
  string-width@^4.1.0:
    version "4.2.2"
    resolved "https://registry.npmjs.org/string-width/-/string-width-4.2.2.tgz#dafd4f9559a7585cfba529c6a0a4f73488ebd4c5"
    integrity sha512-XBJbT3N4JhVumXE0eoLU9DCjcaF92KLNqTmFCnG1pf8duUxFGwtP6AD6nkjw9a3IdiRtL3E2w3JDiE/xi3vOeA==
    dependencies:
      emoji-regex "^8.0.0"
      is-fullwidth-code-point "^3.0.0"
      strip-ansi "^6.0.0"
  
  string_decoder@^1.1.1:
    version "1.3.0"
    resolved "https://registry.npmjs.org/string_decoder/-/string_decoder-1.3.0.tgz#42f114594a46cf1a8e30b0a84f56c78c3edac21e"
    integrity sha512-hkRX8U1WjJFd8LsDJ2yQ/wWWxaopEsABU1XfkM8A+j0+85JAGppt16cr1Whg6KIbb4okU6Mql6BOj+uup/wKeA==
    dependencies:
      safe-buffer "~5.2.0"
  
  strip-ansi@^6.0.0:
    version "6.0.0"
    resolved "https://registry.npmjs.org/strip-ansi/-/strip-ansi-6.0.0.tgz#0b1571dd7669ccd4f3e06e14ef1eed26225ae532"
    integrity sha512-AuvKTrTfQNYNIctbR1K/YGTR1756GycPsg7b9bdV9Duqur4gv6aKqHXah67Z8ImS7WEz5QVcOtlfW2rZEugt6w==
    dependencies:
      ansi-regex "^5.0.0"
  
  supports-color@^3.1.2:
    version "3.2.3"
    resolved "https://registry.npmjs.org/supports-color/-/supports-color-3.2.3.tgz#65ac0504b3954171d8a64946b2ae3cbb8a5f54f6"
    integrity sha1-ZawFBLOVQXHYpklGsq48u4pfVPY=
    dependencies:
      has-flag "^1.0.0"
  
  supports-color@^7.1.0:
    version "7.2.0"
    resolved "https://registry.npmjs.org/supports-color/-/supports-color-7.2.0.tgz#1b7dcdcb32b8138801b3e478ba6a51caa89648da"
    integrity sha512-qpCAvRl9stuOHveKsn7HncJRvv501qIacKzQlO/+Lwxc9+0q2wLyv4Dfvt80/DPn2pqOBsJdDiogXGR9+OvwRw==
    dependencies:
      has-flag "^4.0.0"
  
  term-canvas@0.0.5:
    version "0.0.5"
    resolved "https://registry.npmjs.org/term-canvas/-/term-canvas-0.0.5.tgz#597afac2fa6369a6f17860bce9c5f66d6ea0ca96"
    integrity sha1-WXr6wvpjaabxeGC86cX2bW6gypY=
  
  term-list-scrollable@^0.1.3:
    version "0.1.3"
    resolved "https://registry.npmjs.org/term-list-scrollable/-/term-list-scrollable-0.1.3.tgz#fff9416e6e25059eb8d4f8ffd2d49188b2c6cad2"
    integrity sha1-//lBbm4lBZ641Pj/0tSRiLLGytI=
    dependencies:
      keypress "^0.2.1"
      term-list "^0.2.1"
  
  term-list@^0.2.1:
    version "0.2.1"
    resolved "https://registry.npmjs.org/term-list/-/term-list-0.2.1.tgz#ab168486769f40e46bdba8f22df2829ceaf3d9e3"
    integrity sha1-qxaEhnafQORr26jyLfKCnOrz2eM=
    dependencies:
      keypress "~0.2.1"
      term-canvas "0.0.5"
  
  terminal-char-width@^1.0.0, terminal-char-width@^1.0.8:
    version "1.0.10"
    resolved "https://registry.npmjs.org/terminal-char-width/-/terminal-char-width-1.0.10.tgz#4d2474f3a58da77251cb4adc9098fff7529bb058"
    integrity sha512-p9H7JIVM2am3v3GfQTKv+Bj1y3YiLVIsv4nfNJtZsbBM+XR4/UUiHvcsvpX+PoBjpD6xSyuX00GUkKgFXXI61A==
    dependencies:
      is-windows "^0.1.1"
  
  through@^2.3.6:
    version "2.3.8"
    resolved "https://registry.npmjs.org/through/-/through-2.3.8.tgz#0dd4c9ffaabc357960b1b724115d7e0e86a2e1f5"
    integrity sha1-DdTJ/6q8NXlgsbckEV1+Doai4fU=
  
  timm@^1.6.1:
    version "1.7.1"
    resolved "https://registry.npmjs.org/timm/-/timm-1.7.1.tgz#96bab60c7d45b5a10a8a4d0f0117c6b7e5aff76f"
    integrity sha512-IjZc9KIotudix8bMaBW6QvMuq64BrJWFs1+4V0lXwWGQZwH+LnX87doAYhem4caOEusRP9/g6jVDQmZ8XOk1nw==
  
  tinycolor2@^1.4.1:
    version "1.4.2"
    resolved "https://registry.npmjs.org/tinycolor2/-/tinycolor2-1.4.2.tgz#3f6a4d1071ad07676d7fa472e1fac40a719d8803"
    integrity sha512-vJhccZPs965sV/L2sU4oRQVAos0pQXwsvTLkWYdqJ+a8Q5kPFzJTuOFwy7UniPli44NKQGAglksjvOcpo95aZA==
  
  tinyreq@^3.1.4:
    version "3.4.2"
    resolved "https://registry.npmjs.org/tinyreq/-/tinyreq-3.4.2.tgz#77eacb8033e126eea7dfcfd43539b92fef652831"
    integrity sha512-VHl9n2w2t1HD9ftvbmYMA99g/yeioIRhpxT5cazb/jo2Vld5ZtPEVW4PhBFgNXjdL2ch8j6z0cawDCF7eIFZsQ==
    dependencies:
      assured "^1.0.12"
      follow-redirects "^1.4.1"
      noop6 "^1.0.7"
      ul "^5.2.13"
  
  tmp@^0.0.33:
    version "0.0.33"
    resolved "https://registry.npmjs.org/tmp/-/tmp-0.0.33.tgz#6d34335889768d21b2bcda0aa277ced3b1bfadf9"
    integrity sha512-jRCJlojKnZ3addtTOjdIqoRuPEKBvNXcGYqzO6zWZX8KfKEpnGY5jfggJQ3EjKuu8D4bJRr0y+cYJFmYbImXGw==
    dependencies:
      os-tmpdir "~1.0.2"
  
  tough-cookie@~2.5.0:
    version "2.5.0"
    resolved "https://registry.npmjs.org/tough-cookie/-/tough-cookie-2.5.0.tgz#cd9fb2a0aa1d5a12b473bd9fb96fa3dcff65ade2"
    integrity sha512-nlLsUzgm1kfLXSXfRZMc1KLAugd4hqJHDTvc2hDIwS3mZAfMEuMbc03SujMF+GEcpaX/qboeycw6iO8JwVv2+g==
    dependencies:
      psl "^1.1.28"
      punycode "^2.1.1"
  
  tslib@^1.9.0:
    version "1.14.1"
    resolved "https://registry.npmjs.org/tslib/-/tslib-1.14.1.tgz#cf2d38bdc34a134bcaf1091c41f6619e2f672d00"
    integrity sha512-Xni35NKzjgMrwevysHTCArtLDpPvye8zV/0E4EyYn43P7/7qvQwPh9BGkHewbMulVntbigmcT7rdX3BNo9wRJg==
  
  tslib@^2.2.0:
    version "2.2.0"
    resolved "https://registry.npmjs.org/tslib/-/tslib-2.2.0.tgz#fb2c475977e35e241311ede2693cee1ec6698f5c"
    integrity sha512-gS9GVHRU+RGn5KQM2rllAlR3dU6m7AcpJKdtH8gFvQiC4Otgk98XnmMU+nZenHt/+VhnBPWwgrJsyrdcw6i23w==
  
  tunnel-agent@^0.6.0:
    version "0.6.0"
    resolved "https://registry.npmjs.org/tunnel-agent/-/tunnel-agent-0.6.0.tgz#27a5dea06b36b04a0a9966774b290868f0fc40fd"
    integrity sha1-J6XeoGs2sEoKmWZ3SykIaPD8QP0=
    dependencies:
      safe-buffer "^5.0.1"
  
  tweetnacl@^0.14.3, tweetnacl@~0.14.0:
    version "0.14.5"
    resolved "https://registry.npmjs.org/tweetnacl/-/tweetnacl-0.14.5.tgz#5ae68177f192d4456269d108afa93ff8743f4f64"
    integrity sha1-WuaBd/GS1EViadEIr6k/+HQ/T2Q=
  
  type-fest@^0.21.3:
    version "0.21.3"
    resolved "https://registry.npmjs.org/type-fest/-/type-fest-0.21.3.tgz#d260a24b0198436e133fa26a524a6d65fa3b2e37"
    integrity sha512-t0rzBq87m3fVcduHDUFhKmyyX+9eo6WQjZvf51Ea/M0Q7+T374Jp1aUiyUl0GKxp8M/OETVHSDvmkyPgvX+X2w==
  
  typpy@2.0.0:
    version "2.0.0"
    resolved "https://registry.npmjs.org/typpy/-/typpy-2.0.0.tgz#adef3bacc12ff47aff920fab03a8ff3279d737d6"
    integrity sha1-re87rMEv9Hr/kg+rA6j/MnnXN9Y=
  
  typpy@^2.0.0, typpy@^2.2.0, typpy@^2.3.1, typpy@^2.3.4:
    version "2.3.13"
    resolved "https://registry.npmjs.org/typpy/-/typpy-2.3.13.tgz#7e16a3aa83d7eecdfbd5ee615b9ffd785887ee7e"
    integrity sha512-vOxIcQz9sxHi+rT09SJ5aDgVgrPppQjwnnayTrMye1ODaU8gIZTDM19t9TxmEElbMihx2Nq/0/b/MtyKfayRqA==
    dependencies:
      function.name "^1.0.3"
  
  ul@^5.2.1, ul@^5.2.13:
    version "5.2.15"
    resolved "https://registry.npmjs.org/ul/-/ul-5.2.15.tgz#426425355ae15df2d5d09b351aade26ed06dd9ed"
    integrity sha512-svLEUy8xSCip5IWnsRa0UOg+2zP0Wsj4qlbjTmX6GJSmvKMHADBuHOm1dpNkWqWPIGuVSqzUkV3Cris5JrlTRQ==
    dependencies:
      deffy "^2.2.2"
      typpy "^2.3.4"
  
  uri-js@^4.2.2:
    version "4.4.1"
    resolved "https://registry.npmjs.org/uri-js/-/uri-js-4.4.1.tgz#9b1a52595225859e55f669d928f88c6c57f2a77e"
    integrity sha512-7rKUyy33Q1yc98pQ1DAmLtwX109F7TIfWlW1Ydo8Wl1ii1SeHieeh0HHfPeL2fMXK6z0s8ecKs9frCuLJvndBg==
    dependencies:
      punycode "^2.1.0"
  
  url-local@^1.0.1:
    version "1.1.9"
    resolved "https://registry.npmjs.org/url-local/-/url-local-1.1.9.tgz#6ee6ad678f6c5aa107c57a5fbf97d08b63c23b15"
    integrity sha512-4SmavOiTqOPjGCkR06kTANhpDfiWDgXWrsjUiygk2lJiEiAa9DL6I6+YwPAKG1ex0XEAkSarl4UnLpPe+cuifA==
    dependencies:
      parse-url "^1.3.0"
  
  url-remote@^1.1.0:
    version "1.1.9"
    resolved "https://registry.npmjs.org/url-remote/-/url-remote-1.1.9.tgz#a0f7363159d437975fcb3af3ad426fa1dde81e41"
    integrity sha512-pfMfB7yR0bMTx+9XXOXpRix9dEdfrnPA/R2GgdHYnJLeO4RqgxtbKQpFYGBVIXfmFUh/x2ceYxgi9BgUE5tKNA==
    dependencies:
      url-local "^1.0.1"
  
  utif@^2.0.1:
    version "2.0.1"
    resolved "https://registry.npmjs.org/utif/-/utif-2.0.1.tgz#9e1582d9bbd20011a6588548ed3266298e711759"
    integrity sha512-Z/S1fNKCicQTf375lIP9G8Sa1H/phcysstNrrSdZKj1f9g58J4NMgb5IgiEZN9/nLMPDwF0W7hdOe9Qq2IYoLg==
    dependencies:
      pako "^1.0.5"
  
  util-deprecate@^1.0.1:
    version "1.0.2"
    resolved "https://registry.npmjs.org/util-deprecate/-/util-deprecate-1.0.2.tgz#450d4dc9fa70de732762fbd2d4a28981419a0ccf"
    integrity sha1-RQ1Nyfpw3nMnYvvS1KKJgUGaDM8=
  
  utile@0.3.x:
    version "0.3.0"
    resolved "https://registry.npmjs.org/utile/-/utile-0.3.0.tgz#1352c340eb820e4d8ddba039a4fbfaa32ed4ef3a"
    integrity sha1-E1LDQOuCDk2N26A5pPv6oy7U7zo=
    dependencies:
      async "~0.9.0"
      deep-equal "~0.2.1"
      i "0.3.x"
      mkdirp "0.x.x"
      ncp "1.0.x"
      rimraf "2.x.x"
  
  uuid@^3.3.2:
    version "3.4.0"
    resolved "https://registry.npmjs.org/uuid/-/uuid-3.4.0.tgz#b23e4358afa8a202fe7a100af1f5f883f02007ee"
    integrity sha512-HjSDRw6gZE5JMggctHBcjVak08+KEVhSIiDzFnT9S9aegmp85S/bReBVTb4QTFaRNptJ9kuYaNhnbNEOkbKb/A==
  
  verror@1.10.0:
    version "1.10.0"
    resolved "https://registry.npmjs.org/verror/-/verror-1.10.0.tgz#3a105ca17053af55d6e270c1f8288682e18da400"
    integrity sha1-OhBcoXBTr1XW4nDB+CiGguGNpAA=
    dependencies:
      assert-plus "^1.0.0"
      core-util-is "1.0.2"
      extsprintf "^1.2.0"
  
  wcwidth@^1.0.1:
    version "1.0.1"
    resolved "https://registry.npmjs.org/wcwidth/-/wcwidth-1.0.1.tgz#f0b0dcf915bc5ff1528afadb2c0e17b532da2fe8"
    integrity sha1-8LDc+RW8X/FSivrbLA4XtTLaL+g=
    dependencies:
      defaults "^1.0.3"
  
  which@^1.2.4, which@^1.2.9:
    version "1.3.1"
    resolved "https://registry.npmjs.org/which/-/which-1.3.1.tgz#a45043d54f5805316da8d62f9f50918d3da70b0a"
    integrity sha512-HxJdYWq1MTIQbJ3nw0cqssHoTNU267KlrDuGZ1WYlxDStUtKUhOaJmh112/TZmHxxUfuJqPXSOm7tDyas0OSIQ==
    dependencies:
      isexe "^2.0.0"
  
  window-size@^0.1.2:
    version "0.1.4"
    resolved "https://registry.npmjs.org/window-size/-/window-size-0.1.4.tgz#f8e1aa1ee5a53ec5bf151ffa09742a6ad7697876"
    integrity sha1-+OGqHuWlPsW/FR/6CXQqatdpeHY=
  
  winston@2.x:
    version "2.4.5"
    resolved "https://registry.npmjs.org/winston/-/winston-2.4.5.tgz#f2e431d56154c4ea765545fc1003bd340c95b59a"
    integrity sha512-TWoamHt5yYvsMarGlGEQE59SbJHqGsZV8/lwC+iCcGeAe0vUaOh+Lv6SYM17ouzC/a/LB1/hz/7sxFBtlu1l4A==
    dependencies:
      async "~1.0.0"
      colors "1.0.x"
      cycle "1.0.x"
      eyes "0.1.x"
      isstream "0.1.x"
      stack-trace "0.0.x"
  
  wrappy@1:
    version "1.0.2"
    resolved "https://registry.npmjs.org/wrappy/-/wrappy-1.0.2.tgz#b5243d8f3ec1aa35f1364605bc0d1036e30ab69f"
    integrity sha1-tSQ9jz7BqjXxNkYFvA0QNuMKtp8=
  
  x256@0.0.2:
    version "0.0.2"
    resolved "https://registry.npmjs.org/x256/-/x256-0.0.2.tgz#c9af18876f7a175801d564fe70ad9e8317784934"
    integrity sha1-ya8Yh296F1gB1WT+cK2egxd4STQ=
  
  xhr@^2.0.1:
    version "2.6.0"
    resolved "https://registry.npmjs.org/xhr/-/xhr-2.6.0.tgz#b69d4395e792b4173d6b7df077f0fc5e4e2b249d"
    integrity sha512-/eCGLb5rxjx5e3mF1A7s+pLlR6CGyqWN91fv1JgER5mVWg1MZmlhBvy9kjcsOdRk8RrIujotWyJamfyrp+WIcA==
    dependencies:
      global "~4.4.0"
      is-function "^1.0.1"
      parse-headers "^2.0.0"
      xtend "^4.0.0"
  
  xml-parse-from-string@^1.0.0:
    version "1.0.1"
    resolved "https://registry.npmjs.org/xml-parse-from-string/-/xml-parse-from-string-1.0.1.tgz#a9029e929d3dbcded169f3c6e28238d95a5d5a28"
    integrity sha1-qQKekp09vN7RafPG4oI42VpdWig=
  
  xml2js@^0.4.5:
    version "0.4.23"
    resolved "https://registry.npmjs.org/xml2js/-/xml2js-0.4.23.tgz#a0c69516752421eb2ac758ee4d4ccf58843eac66"
    integrity sha512-ySPiMjM0+pLDftHgXY4By0uswI3SPKLDw/i3UXbnO8M/p28zqexCUoPmQFrYD+/1BzhGJSs2i1ERWKJAtiLrug==
    dependencies:
      sax ">=0.6.0"
      xmlbuilder "~11.0.0"
  
  xmlbuilder@~11.0.0:
    version "11.0.1"
    resolved "https://registry.npmjs.org/xmlbuilder/-/xmlbuilder-11.0.1.tgz#be9bae1c8a046e76b31127726347d0ad7002beb3"
    integrity sha512-fDlsI/kFEx7gLvbecc0/ohLG50fugQp8ryHzMTuW9vSa1GJ0XYWKnhsUx7oie3G98+r56aTQIUB4kht42R3JvA==
  
  xtend@^4.0.0:
    version "4.0.2"
    resolved "https://registry.npmjs.org/xtend/-/xtend-4.0.2.tgz#bb72779f5fa465186b1f438f674fa347fdb5db54"
    integrity sha512-LKYU1iAXJXUgAXn9URjiu+MWhyUXHsvfp7mcuYm9dSUKK0/CjtrUwFAxD82/mCWbtLsGjFIad0wIsod4zrTAEQ==
  
  yallist@^2.1.2:
    version "2.1.2"
    resolved "https://registry.npmjs.org/yallist/-/yallist-2.1.2.tgz#1c11f9218f076089a47dd512f93c6699a6a81d52"
    integrity sha1-HBH5IY8HYImkfdUS+TxmmaaoHVI=
